<?xml version="1.0" encoding="UTF-8"?>
<!-- Generated by org.testng.reporters.JUnitReportReporter -->
<testsuite skipped="0" hostname="nbtrung" name="support_group.test" tests="1" failures="0" timestamp="21 Aug 2018 04:49:35 GMT" time="11.988" errors="0">
  <testcase name="test" time="11.988" classname="support_group.test"/>
</testsuite> <!-- support_group.test -->
