<?xml version="1.0" encoding="UTF-8"?>
<testsuite xmlns:xsi="http://www.w3.org/2001/XMLSchema-instance" xsi:noNamespaceSchemaLocation="https://maven.apache.org/surefire/maven-failsafe-plugin/xsd/failsafe-test-report.xsd" name="TestSuite" time="6.927" tests="3" errors="0" skipped="0" failures="3">
  <properties>
    <property name="sun.desktop" value="windows"/>
    <property name="awt.toolkit" value="sun.awt.windows.WToolkit"/>
    <property name="java.specification.version" value="1.8"/>
    <property name="file.encoding.pkg" value="sun.io"/>
    <property name="webdriver.chrome.driver" value="D:\Github\Solvers\Solvers/selenium_driver/chromedriver.exe"/>
    <property name="sun.cpu.isalist" value="amd64"/>
    <property name="sun.jnu.encoding" value="Cp1252"/>
    <property name="APIFile" value=""/>
    <property name="java.class.path" value="D:\Github\Solvers\Solvers\target\test-classes;D:\Github\Solvers\Solvers\target\solvers-0.0.1-SNAPSHOT.jar;C:\Users\nbtrung\.m2\repository\org\seleniumhq\selenium\selenium-java\3.11.0\selenium-java-3.11.0.jar;C:\Users\nbtrung\.m2\repository\org\seleniumhq\selenium\selenium-api\3.11.0\selenium-api-3.11.0.jar;C:\Users\nbtrung\.m2\repository\org\seleniumhq\selenium\selenium-chrome-driver\3.11.0\selenium-chrome-driver-3.11.0.jar;C:\Users\nbtrung\.m2\repository\org\seleniumhq\selenium\selenium-edge-driver\3.11.0\selenium-edge-driver-3.11.0.jar;C:\Users\nbtrung\.m2\repository\org\seleniumhq\selenium\selenium-firefox-driver\3.11.0\selenium-firefox-driver-3.11.0.jar;C:\Users\nbtrung\.m2\repository\org\seleniumhq\selenium\selenium-ie-driver\3.11.0\selenium-ie-driver-3.11.0.jar;C:\Users\nbtrung\.m2\repository\org\seleniumhq\selenium\selenium-opera-driver\3.11.0\selenium-opera-driver-3.11.0.jar;C:\Users\nbtrung\.m2\repository\org\seleniumhq\selenium\selenium-remote-driver\3.11.0\selenium-remote-driver-3.11.0.jar;C:\Users\nbtrung\.m2\repository\org\seleniumhq\selenium\selenium-safari-driver\3.11.0\selenium-safari-driver-3.11.0.jar;C:\Users\nbtrung\.m2\repository\org\seleniumhq\selenium\selenium-support\3.11.0\selenium-support-3.11.0.jar;C:\Users\nbtrung\.m2\repository\net\bytebuddy\byte-buddy\1.7.9\byte-buddy-1.7.9.jar;C:\Users\nbtrung\.m2\repository\org\apache\commons\commons-exec\1.3\commons-exec-1.3.jar;C:\Users\nbtrung\.m2\repository\commons-codec\commons-codec\1.10\commons-codec-1.10.jar;C:\Users\nbtrung\.m2\repository\commons-logging\commons-logging\1.2\commons-logging-1.2.jar;C:\Users\nbtrung\.m2\repository\com\google\code\gson\gson\2.8.2\gson-2.8.2.jar;C:\Users\nbtrung\.m2\repository\com\google\guava\guava\23.6-jre\guava-23.6-jre.jar;C:\Users\nbtrung\.m2\repository\com\google\code\findbugs\jsr305\1.3.9\jsr305-1.3.9.jar;C:\Users\nbtrung\.m2\repository\org\checkerframework\checker-compat-qual\2.0.0\checker-compat-qual-2.0.0.jar;C:\Users\nbtrung\.m2\repository\com\google\j2objc\j2objc-annotations\1.1\j2objc-annotations-1.1.jar;C:\Users\nbtrung\.m2\repository\org\codehaus\mojo\animal-sniffer-annotations\1.14\animal-sniffer-annotations-1.14.jar;C:\Users\nbtrung\.m2\repository\org\apache\httpcomponents\httpclient\4.5.3\httpclient-4.5.3.jar;C:\Users\nbtrung\.m2\repository\org\apache\httpcomponents\httpcore\4.4.6\httpcore-4.4.6.jar;C:\Users\nbtrung\.m2\repository\com\squareup\okhttp3\okhttp\3.9.1\okhttp-3.9.1.jar;C:\Users\nbtrung\.m2\repository\com\squareup\okio\okio\1.13.0\okio-1.13.0.jar;C:\Users\nbtrung\.m2\repository\org\testng\testng\6.14.2\testng-6.14.2.jar;C:\Users\nbtrung\.m2\repository\com\beust\jcommander\1.72\jcommander-1.72.jar;C:\Users\nbtrung\.m2\repository\org\apache-extras\beanshell\bsh\2.0b6\bsh-2.0b6.jar;C:\Users\nbtrung\.m2\repository\log4j\log4j\1.2.17\log4j-1.2.17.jar;C:\Users\nbtrung\.m2\repository\org\apache\logging\log4j\log4j-api\2.11.0\log4j-api-2.11.0.jar;C:\Users\nbtrung\.m2\repository\org\apache\logging\log4j\log4j-core\2.11.0\log4j-core-2.11.0.jar;C:\Users\nbtrung\.m2\repository\io\appium\java-client\5.0.4\java-client-5.0.4.jar;C:\Users\nbtrung\.m2\repository\cglib\cglib\3.2.5\cglib-3.2.5.jar;C:\Users\nbtrung\.m2\repository\org\ow2\asm\asm\5.2\asm-5.2.jar;C:\Users\nbtrung\.m2\repository\org\apache\ant\ant\1.9.6\ant-1.9.6.jar;C:\Users\nbtrung\.m2\repository\org\apache\ant\ant-launcher\1.9.6\ant-launcher-1.9.6.jar;C:\Users\nbtrung\.m2\repository\commons-validator\commons-validator\1.6\commons-validator-1.6.jar;C:\Users\nbtrung\.m2\repository\commons-beanutils\commons-beanutils\1.9.2\commons-beanutils-1.9.2.jar;C:\Users\nbtrung\.m2\repository\commons-digester\commons-digester\1.8.1\commons-digester-1.8.1.jar;C:\Users\nbtrung\.m2\repository\commons-collections\commons-collections\3.2.2\commons-collections-3.2.2.jar;C:\Users\nbtrung\.m2\repository\org\apache\commons\commons-lang3\3.6\commons-lang3-3.6.jar;C:\Users\nbtrung\.m2\repository\commons-io\commons-io\2.5\commons-io-2.5.jar;C:\Users\nbtrung\.m2\repository\org\springframework\spring-context\5.0.0.RELEASE\spring-context-5.0.0.RELEASE.jar;C:\Users\nbtrung\.m2\repository\org\springframework\spring-aop\5.0.0.RELEASE\spring-aop-5.0.0.RELEASE.jar;C:\Users\nbtrung\.m2\repository\org\springframework\spring-beans\5.0.0.RELEASE\spring-beans-5.0.0.RELEASE.jar;C:\Users\nbtrung\.m2\repository\org\springframework\spring-core\5.0.0.RELEASE\spring-core-5.0.0.RELEASE.jar;C:\Users\nbtrung\.m2\repository\org\springframework\spring-jcl\5.0.0.RELEASE\spring-jcl-5.0.0.RELEASE.jar;C:\Users\nbtrung\.m2\repository\org\springframework\spring-expression\5.0.0.RELEASE\spring-expression-5.0.0.RELEASE.jar;C:\Users\nbtrung\.m2\repository\org\aspectj\aspectjweaver\1.8.11\aspectjweaver-1.8.11.jar;C:\Users\nbtrung\.m2\repository\org\openpnp\opencv\3.2.0-1\opencv-3.2.0-1.jar;C:\Users\nbtrung\.m2\repository\net\sourceforge\jexcelapi\jxl\2.6.12\jxl-2.6.12.jar;C:\Users\nbtrung\.m2\repository\org\apache\poi\poi\3.17\poi-3.17.jar;C:\Users\nbtrung\.m2\repository\org\apache\commons\commons-collections4\4.1\commons-collections4-4.1.jar;C:\Users\nbtrung\.m2\repository\org\json\json\20180130\json-20180130.jar;C:\Users\nbtrung\.m2\repository\com\automation-remarks\video-recorder-testng\1.8\video-recorder-testng-1.8.jar;C:\Users\nbtrung\.m2\repository\com\automation-remarks\video-recorder-core\1.8\video-recorder-core-1.8.jar;C:\Users\nbtrung\.m2\repository\org\zeroturnaround\zt-exec\1.9\zt-exec-1.9.jar;C:\Users\nbtrung\.m2\repository\org\aeonbits\owner\owner-java8\1.0.9\owner-java8-1.0.9.jar;C:\Users\nbtrung\.m2\repository\org\aeonbits\owner\owner\1.0.9\owner-1.0.9.jar;C:\Users\nbtrung\.m2\repository\org\awaitility\awaitility\2.0.0\awaitility-2.0.0.jar;C:\Users\nbtrung\.m2\repository\cglib\cglib-nodep\3.1\cglib-nodep-3.1.jar;C:\Users\nbtrung\.m2\repository\org\objenesis\objenesis\2.1\objenesis-2.1.jar;C:\Users\nbtrung\.m2\repository\io\rest-assured\rest-assured\3.1.0\rest-assured-3.1.0.jar;C:\Users\nbtrung\.m2\repository\org\codehaus\groovy\groovy\2.4.12\groovy-2.4.12.jar;C:\Users\nbtrung\.m2\repository\org\codehaus\groovy\groovy-xml\2.4.12\groovy-xml-2.4.12.jar;C:\Users\nbtrung\.m2\repository\org\apache\httpcomponents\httpmime\4.5.1\httpmime-4.5.1.jar;C:\Users\nbtrung\.m2\repository\org\hamcrest\hamcrest-core\1.3\hamcrest-core-1.3.jar;C:\Users\nbtrung\.m2\repository\org\hamcrest\hamcrest-library\1.3\hamcrest-library-1.3.jar;C:\Users\nbtrung\.m2\repository\org\ccil\cowan\tagsoup\tagsoup\1.2.1\tagsoup-1.2.1.jar;C:\Users\nbtrung\.m2\repository\io\rest-assured\xml-path\3.1.0\xml-path-3.1.0.jar;C:\Users\nbtrung\.m2\repository\javax\xml\bind\jaxb-api\2.2.12\jaxb-api-2.2.12.jar;C:\Users\nbtrung\.m2\repository\io\rest-assured\json-path\3.1.0\json-path-3.1.0.jar;C:\Users\nbtrung\.m2\repository\org\codehaus\groovy\groovy-json\2.4.12\groovy-json-2.4.12.jar;C:\Users\nbtrung\.m2\repository\io\rest-assured\rest-assured-common\3.1.0\rest-assured-common-3.1.0.jar;C:\Users\nbtrung\.m2\repository\io\rest-assured\json-schema-validator\3.1.0\json-schema-validator-3.1.0.jar;C:\Users\nbtrung\.m2\repository\com\github\fge\json-schema-validator\2.2.6\json-schema-validator-2.2.6.jar;C:\Users\nbtrung\.m2\repository\joda-time\joda-time\2.3\joda-time-2.3.jar;C:\Users\nbtrung\.m2\repository\com\googlecode\libphonenumber\libphonenumber\6.2\libphonenumber-6.2.jar;C:\Users\nbtrung\.m2\repository\com\github\fge\json-schema-core\1.2.5\json-schema-core-1.2.5.jar;C:\Users\nbtrung\.m2\repository\com\github\fge\uri-template\0.9\uri-template-0.9.jar;C:\Users\nbtrung\.m2\repository\com\github\fge\msg-simple\1.1\msg-simple-1.1.jar;C:\Users\nbtrung\.m2\repository\com\github\fge\btf\1.2\btf-1.2.jar;C:\Users\nbtrung\.m2\repository\com\github\fge\jackson-coreutils\1.8\jackson-coreutils-1.8.jar;C:\Users\nbtrung\.m2\repository\com\fasterxml\jackson\core\jackson-databind\2.2.3\jackson-databind-2.2.3.jar;C:\Users\nbtrung\.m2\repository\com\fasterxml\jackson\core\jackson-annotations\2.2.3\jackson-annotations-2.2.3.jar;C:\Users\nbtrung\.m2\repository\com\fasterxml\jackson\core\jackson-core\2.2.3\jackson-core-2.2.3.jar;C:\Users\nbtrung\.m2\repository\org\mozilla\rhino\1.7R4\rhino-1.7R4.jar;C:\Users\nbtrung\.m2\repository\javax\mail\mailapi\1.4.3\mailapi-1.4.3.jar;C:\Users\nbtrung\.m2\repository\javax\activation\activation\1.1\activation-1.1.jar;C:\Users\nbtrung\.m2\repository\net\sf\jopt-simple\jopt-simple\4.6\jopt-simple-4.6.jar;C:\Users\nbtrung\.m2\repository\org\apache\jclouds\driver\jclouds-sshj\2.1.0\jclouds-sshj-2.1.0.jar;C:\Users\nbtrung\.m2\repository\org\apache\jclouds\jclouds-compute\2.1.0\jclouds-compute-2.1.0.jar;C:\Users\nbtrung\.m2\repository\org\apache\jclouds\jclouds-scriptbuilder\2.1.0\jclouds-scriptbuilder-2.1.0.jar;C:\Users\nbtrung\.m2\repository\org\apache\jclouds\jclouds-core\2.1.0\jclouds-core-2.1.0.jar;C:\Users\nbtrung\.m2\repository\javax\ws\rs\javax.ws.rs-api\2.0.1\javax.ws.rs-api-2.0.1.jar;C:\Users\nbtrung\.m2\repository\com\google\inject\extensions\guice-assistedinject\3.0\guice-assistedinject-3.0.jar;C:\Users\nbtrung\.m2\repository\com\google\inject\guice\3.0\guice-3.0.jar;C:\Users\nbtrung\.m2\repository\aopalliance\aopalliance\1.0\aopalliance-1.0.jar;C:\Users\nbtrung\.m2\repository\javax\inject\javax.inject\1\javax.inject-1.jar;C:\Users\nbtrung\.m2\repository\javax\annotation\jsr250-api\1.0\jsr250-api-1.0.jar;C:\Users\nbtrung\.m2\repository\org\apache\jclouds\driver\jclouds-slf4j\2.1.0\jclouds-slf4j-2.1.0.jar;C:\Users\nbtrung\.m2\repository\org\apache\jclouds\driver\jclouds-bouncycastle\2.1.0\jclouds-bouncycastle-2.1.0.jar;C:\Users\nbtrung\.m2\repository\org\bouncycastle\bcprov-ext-jdk15on\1.51\bcprov-ext-jdk15on-1.51.jar;C:\Users\nbtrung\.m2\repository\com\jcraft\jsch.agentproxy.sshj\0.0.9\jsch.agentproxy.sshj-0.0.9.jar;C:\Users\nbtrung\.m2\repository\com\jcraft\jsch.agentproxy.core\0.0.9\jsch.agentproxy.core-0.0.9.jar;C:\Users\nbtrung\.m2\repository\com\jcraft\jsch.agentproxy.connector-factory\0.0.9\jsch.agentproxy.connector-factory-0.0.9.jar;C:\Users\nbtrung\.m2\repository\com\jcraft\jsch.agentproxy.usocket-jna\0.0.9\jsch.agentproxy.usocket-jna-0.0.9.jar;C:\Users\nbtrung\.m2\repository\net\java\dev\jna\jna\4.1.0\jna-4.1.0.jar;C:\Users\nbtrung\.m2\repository\net\java\dev\jna\jna-platform\4.1.0\jna-platform-4.1.0.jar;C:\Users\nbtrung\.m2\repository\com\jcraft\jsch.agentproxy.usocket-nc\0.0.9\jsch.agentproxy.usocket-nc-0.0.9.jar;C:\Users\nbtrung\.m2\repository\com\jcraft\jsch.agentproxy.sshagent\0.0.9\jsch.agentproxy.sshagent-0.0.9.jar;C:\Users\nbtrung\.m2\repository\com\jcraft\jsch.agentproxy.pageant\0.0.9\jsch.agentproxy.pageant-0.0.9.jar;C:\Users\nbtrung\.m2\repository\com\google\errorprone\error_prone_annotations\2.1.0\error_prone_annotations-2.1.0.jar;C:\Users\nbtrung\.m2\repository\com\hierynomus\sshj\0.24.0\sshj-0.24.0.jar;C:\Users\nbtrung\.m2\repository\org\slf4j\slf4j-api\1.7.7\slf4j-api-1.7.7.jar;C:\Users\nbtrung\.m2\repository\org\bouncycastle\bcprov-jdk15on\1.57\bcprov-jdk15on-1.57.jar;C:\Users\nbtrung\.m2\repository\org\bouncycastle\bcpkix-jdk15on\1.57\bcpkix-jdk15on-1.57.jar;C:\Users\nbtrung\.m2\repository\com\jcraft\jzlib\1.1.3\jzlib-1.1.3.jar;C:\Users\nbtrung\.m2\repository\net\i2p\crypto\eddsa\0.2.0\eddsa-0.2.0.jar;C:\Users\nbtrung\.m2\repository\org\jsoup\jsoup\1.11.3\jsoup-1.11.3.jar;C:\Users\nbtrung\.m2\repository\io\github\bonigarcia\webdrivermanager\2.2.4\webdrivermanager-2.2.4.jar;C:\Users\nbtrung\.m2\repository\org\rauschig\jarchivelib\0.8.0\jarchivelib-0.8.0.jar;C:\Users\nbtrung\.m2\repository\org\apache\commons\commons-compress\1.14\commons-compress-1.14.jar;C:\Users\nbtrung\.m2\repository\info\cukes\cucumber-java\1.2.5\cucumber-java-1.2.5.jar;C:\Users\nbtrung\.m2\repository\info\cukes\cucumber-core\1.2.5\cucumber-core-1.2.5.jar;C:\Users\nbtrung\.m2\repository\info\cukes\cucumber-html\0.2.3\cucumber-html-0.2.3.jar;C:\Users\nbtrung\.m2\repository\info\cukes\cucumber-jvm-deps\1.0.5\cucumber-jvm-deps-1.0.5.jar;C:\Users\nbtrung\.m2\repository\info\cukes\gherkin\2.12.2\gherkin-2.12.2.jar;C:\Users\nbtrung\.m2\repository\info\cukes\cucumber-testng\1.2.5\cucumber-testng-1.2.5.jar;C:\Users\nbtrung\.m2\repository\com\jayway\restassured\rest-assured\2.9.0\rest-assured-2.9.0.jar;C:\Users\nbtrung\.m2\repository\com\jayway\restassured\json-path\2.9.0\json-path-2.9.0.jar;C:\Users\nbtrung\.m2\repository\com\jayway\restassured\rest-assured-common\2.9.0\rest-assured-common-2.9.0.jar;C:\Users\nbtrung\.m2\repository\com\jayway\restassured\xml-path\2.9.0\xml-path-2.9.0.jar;C:\Users\nbtrung\.m2\repository\org\apache\maven\surefire\surefire-testng-utils\2.21.0\surefire-testng-utils-2.21.0.jar;C:\Users\nbtrung\.m2\repository\org\apache\maven\surefire\surefire-grouper\2.21.0\surefire-grouper-2.21.0.jar;"/>
    <property name="remote" value="true"/>
    <property name="java.vm.vendor" value="Oracle Corporation"/>
    <property name="sun.arch.data.model" value="64"/>
    <property name="user.variant" value=""/>
    <property name="java.vendor.url" value="http://java.oracle.com/"/>
    <property name="user.timezone" value=""/>
    <property name="os.name" value="Windows 10"/>
    <property name="java.vm.specification.version" value="1.8"/>
    <property name="sun.java.launcher" value="SUN_STANDARD"/>
    <property name="threadCnt" value=""/>
    <property name="seleniumHub" value=""/>
    <property name="user.country" value="US"/>
    <property name="sun.boot.library.path" value="C:\Program Files\Java\jdk1.8.0_121\jre\bin"/>
    <property name="sun.java.command" value="C:\Users\nbtrung\AppData\Local\Temp\surefire4409748404313354617\surefirebooter1443493292832310861.jar C:\Users\nbtrung\AppData\Local\Temp\surefire4409748404313354617 2018-08-21T11-47-48_373-jvmRun1 surefire1170349532536688946tmp surefire_03216070342213913606tmp"/>
    <property name="surefire.test.class.path" value="D:\Github\Solvers\Solvers\target\test-classes;D:\Github\Solvers\Solvers\target\solvers-0.0.1-SNAPSHOT.jar;C:\Users\nbtrung\.m2\repository\org\seleniumhq\selenium\selenium-java\3.11.0\selenium-java-3.11.0.jar;C:\Users\nbtrung\.m2\repository\org\seleniumhq\selenium\selenium-api\3.11.0\selenium-api-3.11.0.jar;C:\Users\nbtrung\.m2\repository\org\seleniumhq\selenium\selenium-chrome-driver\3.11.0\selenium-chrome-driver-3.11.0.jar;C:\Users\nbtrung\.m2\repository\org\seleniumhq\selenium\selenium-edge-driver\3.11.0\selenium-edge-driver-3.11.0.jar;C:\Users\nbtrung\.m2\repository\org\seleniumhq\selenium\selenium-firefox-driver\3.11.0\selenium-firefox-driver-3.11.0.jar;C:\Users\nbtrung\.m2\repository\org\seleniumhq\selenium\selenium-ie-driver\3.11.0\selenium-ie-driver-3.11.0.jar;C:\Users\nbtrung\.m2\repository\org\seleniumhq\selenium\selenium-opera-driver\3.11.0\selenium-opera-driver-3.11.0.jar;C:\Users\nbtrung\.m2\repository\org\seleniumhq\selenium\selenium-remote-driver\3.11.0\selenium-remote-driver-3.11.0.jar;C:\Users\nbtrung\.m2\repository\org\seleniumhq\selenium\selenium-safari-driver\3.11.0\selenium-safari-driver-3.11.0.jar;C:\Users\nbtrung\.m2\repository\org\seleniumhq\selenium\selenium-support\3.11.0\selenium-support-3.11.0.jar;C:\Users\nbtrung\.m2\repository\net\bytebuddy\byte-buddy\1.7.9\byte-buddy-1.7.9.jar;C:\Users\nbtrung\.m2\repository\org\apache\commons\commons-exec\1.3\commons-exec-1.3.jar;C:\Users\nbtrung\.m2\repository\commons-codec\commons-codec\1.10\commons-codec-1.10.jar;C:\Users\nbtrung\.m2\repository\commons-logging\commons-logging\1.2\commons-logging-1.2.jar;C:\Users\nbtrung\.m2\repository\com\google\code\gson\gson\2.8.2\gson-2.8.2.jar;C:\Users\nbtrung\.m2\repository\com\google\guava\guava\23.6-jre\guava-23.6-jre.jar;C:\Users\nbtrung\.m2\repository\com\google\code\findbugs\jsr305\1.3.9\jsr305-1.3.9.jar;C:\Users\nbtrung\.m2\repository\org\checkerframework\checker-compat-qual\2.0.0\checker-compat-qual-2.0.0.jar;C:\Users\nbtrung\.m2\repository\com\google\j2objc\j2objc-annotations\1.1\j2objc-annotations-1.1.jar;C:\Users\nbtrung\.m2\repository\org\codehaus\mojo\animal-sniffer-annotations\1.14\animal-sniffer-annotations-1.14.jar;C:\Users\nbtrung\.m2\repository\org\apache\httpcomponents\httpclient\4.5.3\httpclient-4.5.3.jar;C:\Users\nbtrung\.m2\repository\org\apache\httpcomponents\httpcore\4.4.6\httpcore-4.4.6.jar;C:\Users\nbtrung\.m2\repository\com\squareup\okhttp3\okhttp\3.9.1\okhttp-3.9.1.jar;C:\Users\nbtrung\.m2\repository\com\squareup\okio\okio\1.13.0\okio-1.13.0.jar;C:\Users\nbtrung\.m2\repository\org\testng\testng\6.14.2\testng-6.14.2.jar;C:\Users\nbtrung\.m2\repository\com\beust\jcommander\1.72\jcommander-1.72.jar;C:\Users\nbtrung\.m2\repository\org\apache-extras\beanshell\bsh\2.0b6\bsh-2.0b6.jar;C:\Users\nbtrung\.m2\repository\log4j\log4j\1.2.17\log4j-1.2.17.jar;C:\Users\nbtrung\.m2\repository\org\apache\logging\log4j\log4j-api\2.11.0\log4j-api-2.11.0.jar;C:\Users\nbtrung\.m2\repository\org\apache\logging\log4j\log4j-core\2.11.0\log4j-core-2.11.0.jar;C:\Users\nbtrung\.m2\repository\io\appium\java-client\5.0.4\java-client-5.0.4.jar;C:\Users\nbtrung\.m2\repository\cglib\cglib\3.2.5\cglib-3.2.5.jar;C:\Users\nbtrung\.m2\repository\org\ow2\asm\asm\5.2\asm-5.2.jar;C:\Users\nbtrung\.m2\repository\org\apache\ant\ant\1.9.6\ant-1.9.6.jar;C:\Users\nbtrung\.m2\repository\org\apache\ant\ant-launcher\1.9.6\ant-launcher-1.9.6.jar;C:\Users\nbtrung\.m2\repository\commons-validator\commons-validator\1.6\commons-validator-1.6.jar;C:\Users\nbtrung\.m2\repository\commons-beanutils\commons-beanutils\1.9.2\commons-beanutils-1.9.2.jar;C:\Users\nbtrung\.m2\repository\commons-digester\commons-digester\1.8.1\commons-digester-1.8.1.jar;C:\Users\nbtrung\.m2\repository\commons-collections\commons-collections\3.2.2\commons-collections-3.2.2.jar;C:\Users\nbtrung\.m2\repository\org\apache\commons\commons-lang3\3.6\commons-lang3-3.6.jar;C:\Users\nbtrung\.m2\repository\commons-io\commons-io\2.5\commons-io-2.5.jar;C:\Users\nbtrung\.m2\repository\org\springframework\spring-context\5.0.0.RELEASE\spring-context-5.0.0.RELEASE.jar;C:\Users\nbtrung\.m2\repository\org\springframework\spring-aop\5.0.0.RELEASE\spring-aop-5.0.0.RELEASE.jar;C:\Users\nbtrung\.m2\repository\org\springframework\spring-beans\5.0.0.RELEASE\spring-beans-5.0.0.RELEASE.jar;C:\Users\nbtrung\.m2\repository\org\springframework\spring-core\5.0.0.RELEASE\spring-core-5.0.0.RELEASE.jar;C:\Users\nbtrung\.m2\repository\org\springframework\spring-jcl\5.0.0.RELEASE\spring-jcl-5.0.0.RELEASE.jar;C:\Users\nbtrung\.m2\repository\org\springframework\spring-expression\5.0.0.RELEASE\spring-expression-5.0.0.RELEASE.jar;C:\Users\nbtrung\.m2\repository\org\aspectj\aspectjweaver\1.8.11\aspectjweaver-1.8.11.jar;C:\Users\nbtrung\.m2\repository\org\openpnp\opencv\3.2.0-1\opencv-3.2.0-1.jar;C:\Users\nbtrung\.m2\repository\net\sourceforge\jexcelapi\jxl\2.6.12\jxl-2.6.12.jar;C:\Users\nbtrung\.m2\repository\org\apache\poi\poi\3.17\poi-3.17.jar;C:\Users\nbtrung\.m2\repository\org\apache\commons\commons-collections4\4.1\commons-collections4-4.1.jar;C:\Users\nbtrung\.m2\repository\org\json\json\20180130\json-20180130.jar;C:\Users\nbtrung\.m2\repository\com\automation-remarks\video-recorder-testng\1.8\video-recorder-testng-1.8.jar;C:\Users\nbtrung\.m2\repository\com\automation-remarks\video-recorder-core\1.8\video-recorder-core-1.8.jar;C:\Users\nbtrung\.m2\repository\org\zeroturnaround\zt-exec\1.9\zt-exec-1.9.jar;C:\Users\nbtrung\.m2\repository\org\aeonbits\owner\owner-java8\1.0.9\owner-java8-1.0.9.jar;C:\Users\nbtrung\.m2\repository\org\aeonbits\owner\owner\1.0.9\owner-1.0.9.jar;C:\Users\nbtrung\.m2\repository\org\awaitility\awaitility\2.0.0\awaitility-2.0.0.jar;C:\Users\nbtrung\.m2\repository\cglib\cglib-nodep\3.1\cglib-nodep-3.1.jar;C:\Users\nbtrung\.m2\repository\org\objenesis\objenesis\2.1\objenesis-2.1.jar;C:\Users\nbtrung\.m2\repository\io\rest-assured\rest-assured\3.1.0\rest-assured-3.1.0.jar;C:\Users\nbtrung\.m2\repository\org\codehaus\groovy\groovy\2.4.12\groovy-2.4.12.jar;C:\Users\nbtrung\.m2\repository\org\codehaus\groovy\groovy-xml\2.4.12\groovy-xml-2.4.12.jar;C:\Users\nbtrung\.m2\repository\org\apache\httpcomponents\httpmime\4.5.1\httpmime-4.5.1.jar;C:\Users\nbtrung\.m2\repository\org\hamcrest\hamcrest-core\1.3\hamcrest-core-1.3.jar;C:\Users\nbtrung\.m2\repository\org\hamcrest\hamcrest-library\1.3\hamcrest-library-1.3.jar;C:\Users\nbtrung\.m2\repository\org\ccil\cowan\tagsoup\tagsoup\1.2.1\tagsoup-1.2.1.jar;C:\Users\nbtrung\.m2\repository\io\rest-assured\xml-path\3.1.0\xml-path-3.1.0.jar;C:\Users\nbtrung\.m2\repository\javax\xml\bind\jaxb-api\2.2.12\jaxb-api-2.2.12.jar;C:\Users\nbtrung\.m2\repository\io\rest-assured\json-path\3.1.0\json-path-3.1.0.jar;C:\Users\nbtrung\.m2\repository\org\codehaus\groovy\groovy-json\2.4.12\groovy-json-2.4.12.jar;C:\Users\nbtrung\.m2\repository\io\rest-assured\rest-assured-common\3.1.0\rest-assured-common-3.1.0.jar;C:\Users\nbtrung\.m2\repository\io\rest-assured\json-schema-validator\3.1.0\json-schema-validator-3.1.0.jar;C:\Users\nbtrung\.m2\repository\com\github\fge\json-schema-validator\2.2.6\json-schema-validator-2.2.6.jar;C:\Users\nbtrung\.m2\repository\joda-time\joda-time\2.3\joda-time-2.3.jar;C:\Users\nbtrung\.m2\repository\com\googlecode\libphonenumber\libphonenumber\6.2\libphonenumber-6.2.jar;C:\Users\nbtrung\.m2\repository\com\github\fge\json-schema-core\1.2.5\json-schema-core-1.2.5.jar;C:\Users\nbtrung\.m2\repository\com\github\fge\uri-template\0.9\uri-template-0.9.jar;C:\Users\nbtrung\.m2\repository\com\github\fge\msg-simple\1.1\msg-simple-1.1.jar;C:\Users\nbtrung\.m2\repository\com\github\fge\btf\1.2\btf-1.2.jar;C:\Users\nbtrung\.m2\repository\com\github\fge\jackson-coreutils\1.8\jackson-coreutils-1.8.jar;C:\Users\nbtrung\.m2\repository\com\fasterxml\jackson\core\jackson-databind\2.2.3\jackson-databind-2.2.3.jar;C:\Users\nbtrung\.m2\repository\com\fasterxml\jackson\core\jackson-annotations\2.2.3\jackson-annotations-2.2.3.jar;C:\Users\nbtrung\.m2\repository\com\fasterxml\jackson\core\jackson-core\2.2.3\jackson-core-2.2.3.jar;C:\Users\nbtrung\.m2\repository\org\mozilla\rhino\1.7R4\rhino-1.7R4.jar;C:\Users\nbtrung\.m2\repository\javax\mail\mailapi\1.4.3\mailapi-1.4.3.jar;C:\Users\nbtrung\.m2\repository\javax\activation\activation\1.1\activation-1.1.jar;C:\Users\nbtrung\.m2\repository\net\sf\jopt-simple\jopt-simple\4.6\jopt-simple-4.6.jar;C:\Users\nbtrung\.m2\repository\org\apache\jclouds\driver\jclouds-sshj\2.1.0\jclouds-sshj-2.1.0.jar;C:\Users\nbtrung\.m2\repository\org\apache\jclouds\jclouds-compute\2.1.0\jclouds-compute-2.1.0.jar;C:\Users\nbtrung\.m2\repository\org\apache\jclouds\jclouds-scriptbuilder\2.1.0\jclouds-scriptbuilder-2.1.0.jar;C:\Users\nbtrung\.m2\repository\org\apache\jclouds\jclouds-core\2.1.0\jclouds-core-2.1.0.jar;C:\Users\nbtrung\.m2\repository\javax\ws\rs\javax.ws.rs-api\2.0.1\javax.ws.rs-api-2.0.1.jar;C:\Users\nbtrung\.m2\repository\com\google\inject\extensions\guice-assistedinject\3.0\guice-assistedinject-3.0.jar;C:\Users\nbtrung\.m2\repository\com\google\inject\guice\3.0\guice-3.0.jar;C:\Users\nbtrung\.m2\repository\aopalliance\aopalliance\1.0\aopalliance-1.0.jar;C:\Users\nbtrung\.m2\repository\javax\inject\javax.inject\1\javax.inject-1.jar;C:\Users\nbtrung\.m2\repository\javax\annotation\jsr250-api\1.0\jsr250-api-1.0.jar;C:\Users\nbtrung\.m2\repository\org\apache\jclouds\driver\jclouds-slf4j\2.1.0\jclouds-slf4j-2.1.0.jar;C:\Users\nbtrung\.m2\repository\org\apache\jclouds\driver\jclouds-bouncycastle\2.1.0\jclouds-bouncycastle-2.1.0.jar;C:\Users\nbtrung\.m2\repository\org\bouncycastle\bcprov-ext-jdk15on\1.51\bcprov-ext-jdk15on-1.51.jar;C:\Users\nbtrung\.m2\repository\com\jcraft\jsch.agentproxy.sshj\0.0.9\jsch.agentproxy.sshj-0.0.9.jar;C:\Users\nbtrung\.m2\repository\com\jcraft\jsch.agentproxy.core\0.0.9\jsch.agentproxy.core-0.0.9.jar;C:\Users\nbtrung\.m2\repository\com\jcraft\jsch.agentproxy.connector-factory\0.0.9\jsch.agentproxy.connector-factory-0.0.9.jar;C:\Users\nbtrung\.m2\repository\com\jcraft\jsch.agentproxy.usocket-jna\0.0.9\jsch.agentproxy.usocket-jna-0.0.9.jar;C:\Users\nbtrung\.m2\repository\net\java\dev\jna\jna\4.1.0\jna-4.1.0.jar;C:\Users\nbtrung\.m2\repository\net\java\dev\jna\jna-platform\4.1.0\jna-platform-4.1.0.jar;C:\Users\nbtrung\.m2\repository\com\jcraft\jsch.agentproxy.usocket-nc\0.0.9\jsch.agentproxy.usocket-nc-0.0.9.jar;C:\Users\nbtrung\.m2\repository\com\jcraft\jsch.agentproxy.sshagent\0.0.9\jsch.agentproxy.sshagent-0.0.9.jar;C:\Users\nbtrung\.m2\repository\com\jcraft\jsch.agentproxy.pageant\0.0.9\jsch.agentproxy.pageant-0.0.9.jar;C:\Users\nbtrung\.m2\repository\com\google\errorprone\error_prone_annotations\2.1.0\error_prone_annotations-2.1.0.jar;C:\Users\nbtrung\.m2\repository\com\hierynomus\sshj\0.24.0\sshj-0.24.0.jar;C:\Users\nbtrung\.m2\repository\org\slf4j\slf4j-api\1.7.7\slf4j-api-1.7.7.jar;C:\Users\nbtrung\.m2\repository\org\bouncycastle\bcprov-jdk15on\1.57\bcprov-jdk15on-1.57.jar;C:\Users\nbtrung\.m2\repository\org\bouncycastle\bcpkix-jdk15on\1.57\bcpkix-jdk15on-1.57.jar;C:\Users\nbtrung\.m2\repository\com\jcraft\jzlib\1.1.3\jzlib-1.1.3.jar;C:\Users\nbtrung\.m2\repository\net\i2p\crypto\eddsa\0.2.0\eddsa-0.2.0.jar;C:\Users\nbtrung\.m2\repository\org\jsoup\jsoup\1.11.3\jsoup-1.11.3.jar;C:\Users\nbtrung\.m2\repository\io\github\bonigarcia\webdrivermanager\2.2.4\webdrivermanager-2.2.4.jar;C:\Users\nbtrung\.m2\repository\org\rauschig\jarchivelib\0.8.0\jarchivelib-0.8.0.jar;C:\Users\nbtrung\.m2\repository\org\apache\commons\commons-compress\1.14\commons-compress-1.14.jar;C:\Users\nbtrung\.m2\repository\info\cukes\cucumber-java\1.2.5\cucumber-java-1.2.5.jar;C:\Users\nbtrung\.m2\repository\info\cukes\cucumber-core\1.2.5\cucumber-core-1.2.5.jar;C:\Users\nbtrung\.m2\repository\info\cukes\cucumber-html\0.2.3\cucumber-html-0.2.3.jar;C:\Users\nbtrung\.m2\repository\info\cukes\cucumber-jvm-deps\1.0.5\cucumber-jvm-deps-1.0.5.jar;C:\Users\nbtrung\.m2\repository\info\cukes\gherkin\2.12.2\gherkin-2.12.2.jar;C:\Users\nbtrung\.m2\repository\info\cukes\cucumber-testng\1.2.5\cucumber-testng-1.2.5.jar;C:\Users\nbtrung\.m2\repository\com\jayway\restassured\rest-assured\2.9.0\rest-assured-2.9.0.jar;C:\Users\nbtrung\.m2\repository\com\jayway\restassured\json-path\2.9.0\json-path-2.9.0.jar;C:\Users\nbtrung\.m2\repository\com\jayway\restassured\rest-assured-common\2.9.0\rest-assured-common-2.9.0.jar;C:\Users\nbtrung\.m2\repository\com\jayway\restassured\xml-path\2.9.0\xml-path-2.9.0.jar;C:\Users\nbtrung\.m2\repository\org\apache\maven\surefire\surefire-testng-utils\2.21.0\surefire-testng-utils-2.21.0.jar;C:\Users\nbtrung\.m2\repository\org\apache\maven\surefire\surefire-grouper\2.21.0\surefire-grouper-2.21.0.jar;"/>
    <property name="sun.cpu.endian" value="little"/>
    <property name="user.home" value="C:\Users\nbtrung"/>
    <property name="user.language" value="en"/>
    <property name="java.specification.vendor" value="Oracle Corporation"/>
    <property name="version" value=""/>
    <property name="java.home" value="C:\Program Files\Java\jdk1.8.0_121\jre"/>
    <property name="file.separator" value="\"/>
    <property name="basedir" value="D:\Github\Solvers\Solvers"/>
    <property name="line.separator" value="&#10;"/>
    <property name="java.vm.specification.vendor" value="Oracle Corporation"/>
    <property name="java.specification.name" value="Java Platform API Specification"/>
    <property name="java.awt.graphicsenv" value="sun.awt.Win32GraphicsEnvironment"/>
    <property name="surefire.real.class.path" value="C:\Users\nbtrung\AppData\Local\Temp\surefire4409748404313354617\surefirebooter1443493292832310861.jar"/>
    <property name="sun.boot.class.path" value="C:\Program Files\Java\jdk1.8.0_121\jre\lib\resources.jar;C:\Program Files\Java\jdk1.8.0_121\jre\lib\rt.jar;C:\Program Files\Java\jdk1.8.0_121\jre\lib\sunrsasign.jar;C:\Program Files\Java\jdk1.8.0_121\jre\lib\jsse.jar;C:\Program Files\Java\jdk1.8.0_121\jre\lib\jce.jar;C:\Program Files\Java\jdk1.8.0_121\jre\lib\charsets.jar;C:\Program Files\Java\jdk1.8.0_121\jre\lib\jfr.jar;C:\Program Files\Java\jdk1.8.0_121\jre\classes"/>
    <property name="user.script" value=""/>
    <property name="sun.management.compiler" value="HotSpot 64-Bit Tiered Compilers"/>
    <property name="java.runtime.version" value="1.8.0_121-b13"/>
    <property name="user.name" value="nbtrung"/>
    <property name="reportDir" value="D:\Github\Solvers\Solvers/report/WEB/chrome_2018_08_21-0447"/>
    <property name="path.separator" value=";"/>
    <property name="os.version" value="10.0"/>
    <property name="java.endorsed.dirs" value="C:\Program Files\Java\jdk1.8.0_121\jre\lib\endorsed"/>
    <property name="java.runtime.name" value="Java(TM) SE Runtime Environment"/>
    <property name="file.encoding" value="Cp1252"/>
    <property name="browser" value="chrome"/>
    <property name="java.vm.name" value="Java HotSpot(TM) 64-Bit Server VM"/>
    <property name="dataFile" value=""/>
    <property name="localRepository" value="C:\Users\nbtrung\.m2\repository"/>
    <property name="java.vendor.url.bug" value="http://bugreport.sun.com/bugreport/"/>
    <property name="java.io.tmpdir" value="C:\Users\nbtrung\AppData\Local\Temp\"/>
    <property name="desiredBrowserVersion" value=""/>
    <property name="java.version" value="1.8.0_121"/>
    <property name="user.dir" value="D:\Github\Solvers\Solvers"/>
    <property name="os.arch" value="amd64"/>
    <property name="webdriver.gecko.driver" value="D:\Github\Solvers\Solvers/selenium_driver/geckodriver.exe"/>
    <property name="java.vm.specification.name" value="Java Virtual Machine Specification"/>
    <property name="thread" value="1"/>
    <property name="java.awt.printerjob" value="sun.awt.windows.WPrinterJob"/>
    <property name="sun.os.patch.level" value=""/>
    <property name="java.library.path" value="C:\Program Files\Java\jdk1.8.0_121\jre\bin;C:\windows\Sun\Java\bin;C:\windows\system32;C:\windows;C:\Program Files (x86)\Common Files\Oracle\Java\javapath;C:\ProgramData\Oracle\Java\javapath;C:\windows\system32;C:\windows;C:\windows\System32\Wbem;C:\windows\System32\WindowsPowerShell\v1.0\;C:\Program Files\Java\jdk1.8.0_121\bin;D:\apache-maven-3.5.4\bin;C:\FFmpeg\bin;C:\Program Files\Git\cmd;C:\Users\nbtrung\AppData\Local\Microsoft\WindowsApps;C:\FFmpeg\bin;C:\Users\nbtrung\AppData\Local\GitHubDesktop\bin;."/>
    <property name="suite" value="WEB"/>
    <property name="java.vendor" value="Oracle Corporation"/>
    <property name="java.vm.info" value="mixed mode"/>
    <property name="java.vm.version" value="25.121-b13"/>
    <property name="APISheet" value=""/>
    <property name="sun.io.unicode.encoding" value="UnicodeLittle"/>
    <property name="java.ext.dirs" value="C:\Program Files\Java\jdk1.8.0_121\jre\lib\ext;C:\windows\Sun\Java\lib\ext"/>
    <property name="video.folder" value="D:\Github\Solvers\Solvers/report/WEB/chrome_2018_08_21-0447/video"/>
    <property name="java.class.version" value="52.0"/>
    <property name="dataSheet" value=""/>
  </properties>
  <testcase name="test" classname="support_group.test" time="2.374">
    <failure message="Could not start a new session. Possible causes are invalid address of the remote server or browser start-up failure.&#10;Build info: version: &apos;3.11.0&apos;, revision: &apos;e59cfb3&apos;, time: &apos;2018-03-11T20:26:55.152Z&apos;&#10;System info: host: &apos;NBTRUNG&apos;, ip: &apos;192.168.34.205&apos;, os.name: &apos;Windows 10&apos;, os.arch: &apos;amd64&apos;, os.version: &apos;10.0&apos;, java.version: &apos;1.8.0_121&apos;&#10;Driver info: driver.version: RemoteWebDriver" type="org.openqa.selenium.remote.UnreachableBrowserException">org.openqa.selenium.remote.UnreachableBrowserException: 
Could not start a new session. Possible causes are invalid address of the remote server or browser start-up failure.
Build info: version: '3.11.0', revision: 'e59cfb3', time: '2018-03-11T20:26:55.152Z'
System info: host: 'NBTRUNG', ip: '192.168.34.205', os.name: 'Windows 10', os.arch: 'amd64', os.version: '10.0', java.version: '1.8.0_121'
Driver info: driver.version: RemoteWebDriver
	at support_group.test.test(test.java:11)
Caused by: java.net.ConnectException: Failed to connect to localhost/0:0:0:0:0:0:0:1:4444
	at support_group.test.test(test.java:11)
Caused by: java.net.ConnectException: Connection refused: connect
	at support_group.test.test(test.java:11)
</failure>
    <system-err><![CDATA[java.net.MalformedURLException: no protocol: 
	at java.net.URL.<init>(URL.java:593)
	at java.net.URL.<init>(URL.java:490)
	at java.net.URL.<init>(URL.java:439)
	at automationCore.DriverFactory.getDriver(DriverFactory.java:62)
	at support_group.test.test(test.java:11)
	at sun.reflect.NativeMethodAccessorImpl.invoke0(Native Method)
	at sun.reflect.NativeMethodAccessorImpl.invoke(NativeMethodAccessorImpl.java:62)
	at sun.reflect.DelegatingMethodAccessorImpl.invoke(DelegatingMethodAccessorImpl.java:43)
	at java.lang.reflect.Method.invoke(Method.java:498)
	at org.testng.internal.MethodInvocationHelper.invokeMethod(MethodInvocationHelper.java:124)
	at org.testng.internal.Invoker.invokeMethod(Invoker.java:580)
	at org.testng.internal.Invoker.invokeTestMethod(Invoker.java:716)
	at org.testng.internal.Invoker.invokeTestMethods(Invoker.java:988)
	at org.testng.internal.TestMethodWorker.invokeTestMethods(TestMethodWorker.java:125)
	at org.testng.internal.TestMethodWorker.run(TestMethodWorker.java:109)
	at java.util.concurrent.ThreadPoolExecutor.runWorker(ThreadPoolExecutor.java:1142)
	at java.util.concurrent.ThreadPoolExecutor$Worker.run(ThreadPoolExecutor.java:617)
	at java.lang.Thread.run(Thread.java:745)
]]></system-err>
  </testcase>
  <testcase name="test" classname="support_group.test" time="4.41">
    <failure type="java.lang.NullPointerException">java.lang.NullPointerException
</failure>
    <system-out><![CDATA[2018-21-08 11:47:53 [TestNG-test=demo suite-1] INFO  Test Report - Created screenshot folder at D:\Github\Solvers\Solvers\report\WEB\chrome_2018_08_21-0447\screenshots
]]></system-out>
    <system-err><![CDATA[java.net.MalformedURLException: no protocol: 
	at java.net.URL.<init>(URL.java:593)
	at java.net.URL.<init>(URL.java:490)
	at java.net.URL.<init>(URL.java:439)
	at automationCore.DriverFactory.getDriver(DriverFactory.java:62)
	at automationCore.TestReport.onTestFailure(TestReport.java:69)
	at org.testng.internal.TestListenerHelper.runTestListeners(TestListenerHelper.java:67)
	at org.testng.internal.Invoker.runTestListeners(Invoker.java:1388)
	at org.testng.internal.Invoker.invokeMethod(Invoker.java:633)
	at org.testng.internal.Invoker.invokeTestMethod(Invoker.java:716)
	at org.testng.internal.Invoker.invokeTestMethods(Invoker.java:988)
	at org.testng.internal.TestMethodWorker.invokeTestMethods(TestMethodWorker.java:125)
	at org.testng.internal.TestMethodWorker.run(TestMethodWorker.java:109)
	at java.util.concurrent.ThreadPoolExecutor.runWorker(ThreadPoolExecutor.java:1142)
	at java.util.concurrent.ThreadPoolExecutor$Worker.run(ThreadPoolExecutor.java:617)
	at java.lang.Thread.run(Thread.java:745)
org.openqa.selenium.remote.UnreachableBrowserException: Could not start a new session. Possible causes are invalid address of the remote server or browser start-up failure.
Build info: version: '3.11.0', revision: 'e59cfb3', time: '2018-03-11T20:26:55.152Z'
System info: host: 'NBTRUNG', ip: '192.168.34.205', os.name: 'Windows 10', os.arch: 'amd64', os.version: '10.0', java.version: '1.8.0_121'
Driver info: driver.version: RemoteWebDriver
	at org.openqa.selenium.remote.RemoteWebDriver.execute(RemoteWebDriver.java:566)
	at org.openqa.selenium.remote.RemoteWebDriver.startSession(RemoteWebDriver.java:209)
	at org.openqa.selenium.remote.RemoteWebDriver.<init>(RemoteWebDriver.java:132)
	at org.openqa.selenium.remote.RemoteWebDriver.<init>(RemoteWebDriver.java:145)
	at automationCore.DriverFactory.getDriver(DriverFactory.java:90)
	at automationCore.TestReport.onTestFailure(TestReport.java:69)
	at org.testng.internal.TestListenerHelper.runTestListeners(TestListenerHelper.java:67)
	at org.testng.internal.Invoker.runTestListeners(Invoker.java:1388)
	at org.testng.internal.Invoker.invokeMethod(Invoker.java:633)
	at org.testng.internal.Invoker.invokeTestMethod(Invoker.java:716)
	at org.testng.internal.Invoker.invokeTestMethods(Invoker.java:988)
	at org.testng.internal.TestMethodWorker.invokeTestMethods(TestMethodWorker.java:125)
	at org.testng.internal.TestMethodWorker.run(TestMethodWorker.java:109)
	at java.util.concurrent.ThreadPoolExecutor.runWorker(ThreadPoolExecutor.java:1142)
	at java.util.concurrent.ThreadPoolExecutor$Worker.run(ThreadPoolExecutor.java:617)
	at java.lang.Thread.run(Thread.java:745)
Caused by: java.net.ConnectException: Failed to connect to localhost/0:0:0:0:0:0:0:1:4444
	at okhttp3.internal.connection.RealConnection.connectSocket(RealConnection.java:240)
	at okhttp3.internal.connection.RealConnection.connect(RealConnection.java:158)
	at okhttp3.internal.connection.StreamAllocation.findConnection(StreamAllocation.java:256)
	at okhttp3.internal.connection.StreamAllocation.findHealthyConnection(StreamAllocation.java:134)
	at okhttp3.internal.connection.StreamAllocation.newStream(StreamAllocation.java:113)
	at okhttp3.internal.connection.ConnectInterceptor.intercept(ConnectInterceptor.java:42)
	at okhttp3.internal.http.RealInterceptorChain.proceed(RealInterceptorChain.java:147)
	at okhttp3.internal.http.RealInterceptorChain.proceed(RealInterceptorChain.java:121)
	at okhttp3.internal.cache.CacheInterceptor.intercept(CacheInterceptor.java:93)
	at okhttp3.internal.http.RealInterceptorChain.proceed(RealInterceptorChain.java:147)
	at okhttp3.internal.http.RealInterceptorChain.proceed(RealInterceptorChain.java:121)
	at okhttp3.internal.http.BridgeInterceptor.intercept(BridgeInterceptor.java:93)
	at okhttp3.internal.http.RealInterceptorChain.proceed(RealInterceptorChain.java:147)
	at okhttp3.internal.http.RetryAndFollowUpInterceptor.intercept(RetryAndFollowUpInterceptor.java:125)
	at okhttp3.internal.http.RealInterceptorChain.proceed(RealInterceptorChain.java:147)
	at okhttp3.internal.http.RealInterceptorChain.proceed(RealInterceptorChain.java:121)
	at okhttp3.RealCall.getResponseWithInterceptorChain(RealCall.java:200)
	at okhttp3.RealCall.execute(RealCall.java:77)
	at org.openqa.selenium.remote.internal.OkHttpClient.execute(OkHttpClient.java:101)
	at org.openqa.selenium.remote.ProtocolHandshake.createSession(ProtocolHandshake.java:101)
	at org.openqa.selenium.remote.ProtocolHandshake.createSession(ProtocolHandshake.java:73)
	at org.openqa.selenium.remote.HttpCommandExecutor.execute(HttpCommandExecutor.java:136)
	at org.openqa.selenium.remote.RemoteWebDriver.execute(RemoteWebDriver.java:545)
	... 15 more
Caused by: java.net.ConnectException: Connection refused: connect
	at java.net.DualStackPlainSocketImpl.waitForConnect(Native Method)
	at java.net.DualStackPlainSocketImpl.socketConnect(DualStackPlainSocketImpl.java:85)
	at java.net.AbstractPlainSocketImpl.doConnect(AbstractPlainSocketImpl.java:350)
	at java.net.AbstractPlainSocketImpl.connectToAddress(AbstractPlainSocketImpl.java:206)
	at java.net.AbstractPlainSocketImpl.connect(AbstractPlainSocketImpl.java:188)
	at java.net.PlainSocketImpl.connect(PlainSocketImpl.java:172)
	at java.net.SocksSocketImpl.connect(SocksSocketImpl.java:392)
	at java.net.Socket.connect(Socket.java:589)
	at okhttp3.internal.platform.Platform.connectSocket(Platform.java:125)
	at okhttp3.internal.connection.RealConnection.connectSocket(RealConnection.java:238)
	... 37 more
]]></system-err>
  </testcase>
  <testcase name="closeBrowser" classname="support_group.test" time="6.461">
    <failure type="java.lang.NullPointerException">java.lang.NullPointerException
</failure>
    <system-err><![CDATA[java.net.MalformedURLException: no protocol: 
	at java.net.URL.<init>(URL.java:593)
	at java.net.URL.<init>(URL.java:490)
	at java.net.URL.<init>(URL.java:439)
	at automationCore.DriverFactory.getDriver(DriverFactory.java:62)
	at automationCore.TestReport.onTestFailure(TestReport.java:69)
	at org.testng.internal.TestListenerHelper.runTestListeners(TestListenerHelper.java:67)
	at org.testng.internal.Invoker.runTestListeners(Invoker.java:1388)
	at org.testng.internal.Invoker.invokeTestMethods(Invoker.java:1041)
	at org.testng.internal.TestMethodWorker.invokeTestMethods(TestMethodWorker.java:125)
	at org.testng.internal.TestMethodWorker.run(TestMethodWorker.java:109)
	at java.util.concurrent.ThreadPoolExecutor.runWorker(ThreadPoolExecutor.java:1142)
	at java.util.concurrent.ThreadPoolExecutor$Worker.run(ThreadPoolExecutor.java:617)
	at java.lang.Thread.run(Thread.java:745)
org.openqa.selenium.remote.UnreachableBrowserException: Could not start a new session. Possible causes are invalid address of the remote server or browser start-up failure.
Build info: version: '3.11.0', revision: 'e59cfb3', time: '2018-03-11T20:26:55.152Z'
System info: host: 'NBTRUNG', ip: '192.168.34.205', os.name: 'Windows 10', os.arch: 'amd64', os.version: '10.0', java.version: '1.8.0_121'
Driver info: driver.version: RemoteWebDriver
	at org.openqa.selenium.remote.RemoteWebDriver.execute(RemoteWebDriver.java:566)
	at org.openqa.selenium.remote.RemoteWebDriver.startSession(RemoteWebDriver.java:209)
	at org.openqa.selenium.remote.RemoteWebDriver.<init>(RemoteWebDriver.java:132)
	at org.openqa.selenium.remote.RemoteWebDriver.<init>(RemoteWebDriver.java:145)
	at automationCore.DriverFactory.getDriver(DriverFactory.java:90)
	at automationCore.TestReport.onTestFailure(TestReport.java:69)
	at org.testng.internal.TestListenerHelper.runTestListeners(TestListenerHelper.java:67)
	at org.testng.internal.Invoker.runTestListeners(Invoker.java:1388)
	at org.testng.internal.Invoker.invokeTestMethods(Invoker.java:1041)
	at org.testng.internal.TestMethodWorker.invokeTestMethods(TestMethodWorker.java:125)
	at org.testng.internal.TestMethodWorker.run(TestMethodWorker.java:109)
	at java.util.concurrent.ThreadPoolExecutor.runWorker(ThreadPoolExecutor.java:1142)
	at java.util.concurrent.ThreadPoolExecutor$Worker.run(ThreadPoolExecutor.java:617)
	at java.lang.Thread.run(Thread.java:745)
Caused by: java.net.ConnectException: Failed to connect to localhost/0:0:0:0:0:0:0:1:4444
	at okhttp3.internal.connection.RealConnection.connectSocket(RealConnection.java:240)
	at okhttp3.internal.connection.RealConnection.connect(RealConnection.java:158)
	at okhttp3.internal.connection.StreamAllocation.findConnection(StreamAllocation.java:256)
	at okhttp3.internal.connection.StreamAllocation.findHealthyConnection(StreamAllocation.java:134)
	at okhttp3.internal.connection.StreamAllocation.newStream(StreamAllocation.java:113)
	at okhttp3.internal.connection.ConnectInterceptor.intercept(ConnectInterceptor.java:42)
	at okhttp3.internal.http.RealInterceptorChain.proceed(RealInterceptorChain.java:147)
	at okhttp3.internal.http.RealInterceptorChain.proceed(RealInterceptorChain.java:121)
	at okhttp3.internal.cache.CacheInterceptor.intercept(CacheInterceptor.java:93)
	at okhttp3.internal.http.RealInterceptorChain.proceed(RealInterceptorChain.java:147)
	at okhttp3.internal.http.RealInterceptorChain.proceed(RealInterceptorChain.java:121)
	at okhttp3.internal.http.BridgeInterceptor.intercept(BridgeInterceptor.java:93)
	at okhttp3.internal.http.RealInterceptorChain.proceed(RealInterceptorChain.java:147)
	at okhttp3.internal.http.RetryAndFollowUpInterceptor.intercept(RetryAndFollowUpInterceptor.java:125)
	at okhttp3.internal.http.RealInterceptorChain.proceed(RealInterceptorChain.java:147)
	at okhttp3.internal.http.RealInterceptorChain.proceed(RealInterceptorChain.java:121)
	at okhttp3.RealCall.getResponseWithInterceptorChain(RealCall.java:200)
	at okhttp3.RealCall.execute(RealCall.java:77)
	at org.openqa.selenium.remote.internal.OkHttpClient.execute(OkHttpClient.java:101)
	at org.openqa.selenium.remote.ProtocolHandshake.createSession(ProtocolHandshake.java:101)
	at org.openqa.selenium.remote.ProtocolHandshake.createSession(ProtocolHandshake.java:73)
	at org.openqa.selenium.remote.HttpCommandExecutor.execute(HttpCommandExecutor.java:136)
	at org.openqa.selenium.remote.RemoteWebDriver.execute(RemoteWebDriver.java:545)
	... 13 more
Caused by: java.net.ConnectException: Connection refused: connect
	at java.net.DualStackPlainSocketImpl.waitForConnect(Native Method)
	at java.net.DualStackPlainSocketImpl.socketConnect(DualStackPlainSocketImpl.java:85)
	at java.net.AbstractPlainSocketImpl.doConnect(AbstractPlainSocketImpl.java:350)
	at java.net.AbstractPlainSocketImpl.connectToAddress(AbstractPlainSocketImpl.java:206)
	at java.net.AbstractPlainSocketImpl.connect(AbstractPlainSocketImpl.java:188)
	at java.net.PlainSocketImpl.connect(PlainSocketImpl.java:172)
	at java.net.SocksSocketImpl.connect(SocksSocketImpl.java:392)
	at java.net.Socket.connect(Socket.java:589)
	at okhttp3.internal.platform.Platform.connectSocket(Platform.java:125)
	at okhttp3.internal.connection.RealConnection.connectSocket(RealConnection.java:238)
	... 35 more
]]></system-err>
  </testcase>
</testsuite>