<?xml version="1.0" encoding="UTF-8"?>
<testsuite xmlns:xsi="http://www.w3.org/2001/XMLSchema-instance" xsi:noNamespaceSchemaLocation="https://maven.apache.org/surefire/maven-failsafe-plugin/xsd/failsafe-test-report.xsd" name="TestSuite" time="192.053" tests="1" errors="0" skipped="0" failures="0">
  <properties>
    <property name="sun.desktop" value="windows"/>
    <property name="awt.toolkit" value="sun.awt.windows.WToolkit"/>
    <property name="file.encoding.pkg" value="sun.io"/>
    <property name="java.specification.version" value="1.8"/>
    <property name="webdriver.chrome.driver" value="D:\Works\solvers_au\auto_new/selenium_driver/chromedriver.exe"/>
    <property name="sun.cpu.isalist" value="amd64"/>
    <property name="sun.jnu.encoding" value="Cp1252"/>
    <property name="APIFile" value=""/>
    <property name="java.class.path" value="D:\Works\solvers_au\auto_new\target\test-classes;D:\Works\solvers_au\auto_new\target\auto_new-0.0.1-SNAPSHOT.jar;C:\Users\nbtrung\.m2\repository\org\seleniumhq\selenium\selenium-java\3.11.0\selenium-java-3.11.0.jar;C:\Users\nbtrung\.m2\repository\org\seleniumhq\selenium\selenium-api\3.11.0\selenium-api-3.11.0.jar;C:\Users\nbtrung\.m2\repository\org\seleniumhq\selenium\selenium-chrome-driver\3.11.0\selenium-chrome-driver-3.11.0.jar;C:\Users\nbtrung\.m2\repository\org\seleniumhq\selenium\selenium-edge-driver\3.11.0\selenium-edge-driver-3.11.0.jar;C:\Users\nbtrung\.m2\repository\org\seleniumhq\selenium\selenium-firefox-driver\3.11.0\selenium-firefox-driver-3.11.0.jar;C:\Users\nbtrung\.m2\repository\org\seleniumhq\selenium\selenium-ie-driver\3.11.0\selenium-ie-driver-3.11.0.jar;C:\Users\nbtrung\.m2\repository\org\seleniumhq\selenium\selenium-opera-driver\3.11.0\selenium-opera-driver-3.11.0.jar;C:\Users\nbtrung\.m2\repository\org\seleniumhq\selenium\selenium-remote-driver\3.11.0\selenium-remote-driver-3.11.0.jar;C:\Users\nbtrung\.m2\repository\org\seleniumhq\selenium\selenium-safari-driver\3.11.0\selenium-safari-driver-3.11.0.jar;C:\Users\nbtrung\.m2\repository\org\seleniumhq\selenium\selenium-support\3.11.0\selenium-support-3.11.0.jar;C:\Users\nbtrung\.m2\repository\net\bytebuddy\byte-buddy\1.7.9\byte-buddy-1.7.9.jar;C:\Users\nbtrung\.m2\repository\org\apache\commons\commons-exec\1.3\commons-exec-1.3.jar;C:\Users\nbtrung\.m2\repository\commons-codec\commons-codec\1.10\commons-codec-1.10.jar;C:\Users\nbtrung\.m2\repository\commons-logging\commons-logging\1.2\commons-logging-1.2.jar;C:\Users\nbtrung\.m2\repository\com\google\code\gson\gson\2.8.2\gson-2.8.2.jar;C:\Users\nbtrung\.m2\repository\com\google\guava\guava\23.6-jre\guava-23.6-jre.jar;C:\Users\nbtrung\.m2\repository\com\google\code\findbugs\jsr305\1.3.9\jsr305-1.3.9.jar;C:\Users\nbtrung\.m2\repository\org\checkerframework\checker-compat-qual\2.0.0\checker-compat-qual-2.0.0.jar;C:\Users\nbtrung\.m2\repository\com\google\j2objc\j2objc-annotations\1.1\j2objc-annotations-1.1.jar;C:\Users\nbtrung\.m2\repository\org\codehaus\mojo\animal-sniffer-annotations\1.14\animal-sniffer-annotations-1.14.jar;C:\Users\nbtrung\.m2\repository\org\apache\httpcomponents\httpclient\4.5.3\httpclient-4.5.3.jar;C:\Users\nbtrung\.m2\repository\org\apache\httpcomponents\httpcore\4.4.6\httpcore-4.4.6.jar;C:\Users\nbtrung\.m2\repository\com\squareup\okhttp3\okhttp\3.9.1\okhttp-3.9.1.jar;C:\Users\nbtrung\.m2\repository\com\squareup\okio\okio\1.13.0\okio-1.13.0.jar;C:\Users\nbtrung\.m2\repository\org\testng\testng\6.14.2\testng-6.14.2.jar;C:\Users\nbtrung\.m2\repository\com\beust\jcommander\1.72\jcommander-1.72.jar;C:\Users\nbtrung\.m2\repository\org\apache-extras\beanshell\bsh\2.0b6\bsh-2.0b6.jar;C:\Users\nbtrung\.m2\repository\log4j\log4j\1.2.17\log4j-1.2.17.jar;C:\Users\nbtrung\.m2\repository\org\apache\logging\log4j\log4j-api\2.11.0\log4j-api-2.11.0.jar;C:\Users\nbtrung\.m2\repository\org\apache\logging\log4j\log4j-core\2.11.0\log4j-core-2.11.0.jar;C:\Users\nbtrung\.m2\repository\io\appium\java-client\5.0.4\java-client-5.0.4.jar;C:\Users\nbtrung\.m2\repository\cglib\cglib\3.2.5\cglib-3.2.5.jar;C:\Users\nbtrung\.m2\repository\org\ow2\asm\asm\5.2\asm-5.2.jar;C:\Users\nbtrung\.m2\repository\org\apache\ant\ant\1.9.6\ant-1.9.6.jar;C:\Users\nbtrung\.m2\repository\org\apache\ant\ant-launcher\1.9.6\ant-launcher-1.9.6.jar;C:\Users\nbtrung\.m2\repository\commons-validator\commons-validator\1.6\commons-validator-1.6.jar;C:\Users\nbtrung\.m2\repository\commons-beanutils\commons-beanutils\1.9.2\commons-beanutils-1.9.2.jar;C:\Users\nbtrung\.m2\repository\commons-digester\commons-digester\1.8.1\commons-digester-1.8.1.jar;C:\Users\nbtrung\.m2\repository\commons-collections\commons-collections\3.2.2\commons-collections-3.2.2.jar;C:\Users\nbtrung\.m2\repository\org\apache\commons\commons-lang3\3.6\commons-lang3-3.6.jar;C:\Users\nbtrung\.m2\repository\commons-io\commons-io\2.5\commons-io-2.5.jar;C:\Users\nbtrung\.m2\repository\org\springframework\spring-context\5.0.0.RELEASE\spring-context-5.0.0.RELEASE.jar;C:\Users\nbtrung\.m2\repository\org\springframework\spring-aop\5.0.0.RELEASE\spring-aop-5.0.0.RELEASE.jar;C:\Users\nbtrung\.m2\repository\org\springframework\spring-beans\5.0.0.RELEASE\spring-beans-5.0.0.RELEASE.jar;C:\Users\nbtrung\.m2\repository\org\springframework\spring-core\5.0.0.RELEASE\spring-core-5.0.0.RELEASE.jar;C:\Users\nbtrung\.m2\repository\org\springframework\spring-jcl\5.0.0.RELEASE\spring-jcl-5.0.0.RELEASE.jar;C:\Users\nbtrung\.m2\repository\org\springframework\spring-expression\5.0.0.RELEASE\spring-expression-5.0.0.RELEASE.jar;C:\Users\nbtrung\.m2\repository\org\aspectj\aspectjweaver\1.8.11\aspectjweaver-1.8.11.jar;C:\Users\nbtrung\.m2\repository\org\openpnp\opencv\3.2.0-1\opencv-3.2.0-1.jar;C:\Users\nbtrung\.m2\repository\net\sourceforge\jexcelapi\jxl\2.6.12\jxl-2.6.12.jar;C:\Users\nbtrung\.m2\repository\org\apache\poi\poi\3.17\poi-3.17.jar;C:\Users\nbtrung\.m2\repository\org\apache\commons\commons-collections4\4.1\commons-collections4-4.1.jar;C:\Users\nbtrung\.m2\repository\org\json\json\20180130\json-20180130.jar;C:\Users\nbtrung\.m2\repository\com\automation-remarks\video-recorder-testng\1.8\video-recorder-testng-1.8.jar;C:\Users\nbtrung\.m2\repository\com\automation-remarks\video-recorder-core\1.8\video-recorder-core-1.8.jar;C:\Users\nbtrung\.m2\repository\org\zeroturnaround\zt-exec\1.9\zt-exec-1.9.jar;C:\Users\nbtrung\.m2\repository\org\aeonbits\owner\owner-java8\1.0.9\owner-java8-1.0.9.jar;C:\Users\nbtrung\.m2\repository\org\aeonbits\owner\owner\1.0.9\owner-1.0.9.jar;C:\Users\nbtrung\.m2\repository\org\awaitility\awaitility\2.0.0\awaitility-2.0.0.jar;C:\Users\nbtrung\.m2\repository\cglib\cglib-nodep\3.1\cglib-nodep-3.1.jar;C:\Users\nbtrung\.m2\repository\org\objenesis\objenesis\2.1\objenesis-2.1.jar;C:\Users\nbtrung\.m2\repository\io\rest-assured\rest-assured\3.1.0\rest-assured-3.1.0.jar;C:\Users\nbtrung\.m2\repository\org\codehaus\groovy\groovy\2.4.12\groovy-2.4.12.jar;C:\Users\nbtrung\.m2\repository\org\codehaus\groovy\groovy-xml\2.4.12\groovy-xml-2.4.12.jar;C:\Users\nbtrung\.m2\repository\org\apache\httpcomponents\httpmime\4.5.1\httpmime-4.5.1.jar;C:\Users\nbtrung\.m2\repository\org\hamcrest\hamcrest-core\1.3\hamcrest-core-1.3.jar;C:\Users\nbtrung\.m2\repository\org\hamcrest\hamcrest-library\1.3\hamcrest-library-1.3.jar;C:\Users\nbtrung\.m2\repository\org\ccil\cowan\tagsoup\tagsoup\1.2.1\tagsoup-1.2.1.jar;C:\Users\nbtrung\.m2\repository\io\rest-assured\xml-path\3.1.0\xml-path-3.1.0.jar;C:\Users\nbtrung\.m2\repository\javax\xml\bind\jaxb-api\2.2.12\jaxb-api-2.2.12.jar;C:\Users\nbtrung\.m2\repository\io\rest-assured\json-path\3.1.0\json-path-3.1.0.jar;C:\Users\nbtrung\.m2\repository\org\codehaus\groovy\groovy-json\2.4.12\groovy-json-2.4.12.jar;C:\Users\nbtrung\.m2\repository\io\rest-assured\rest-assured-common\3.1.0\rest-assured-common-3.1.0.jar;C:\Users\nbtrung\.m2\repository\io\rest-assured\json-schema-validator\3.1.0\json-schema-validator-3.1.0.jar;C:\Users\nbtrung\.m2\repository\com\github\fge\json-schema-validator\2.2.6\json-schema-validator-2.2.6.jar;C:\Users\nbtrung\.m2\repository\joda-time\joda-time\2.3\joda-time-2.3.jar;C:\Users\nbtrung\.m2\repository\com\googlecode\libphonenumber\libphonenumber\6.2\libphonenumber-6.2.jar;C:\Users\nbtrung\.m2\repository\com\github\fge\json-schema-core\1.2.5\json-schema-core-1.2.5.jar;C:\Users\nbtrung\.m2\repository\com\github\fge\uri-template\0.9\uri-template-0.9.jar;C:\Users\nbtrung\.m2\repository\com\github\fge\msg-simple\1.1\msg-simple-1.1.jar;C:\Users\nbtrung\.m2\repository\com\github\fge\btf\1.2\btf-1.2.jar;C:\Users\nbtrung\.m2\repository\com\github\fge\jackson-coreutils\1.8\jackson-coreutils-1.8.jar;C:\Users\nbtrung\.m2\repository\com\fasterxml\jackson\core\jackson-databind\2.2.3\jackson-databind-2.2.3.jar;C:\Users\nbtrung\.m2\repository\com\fasterxml\jackson\core\jackson-annotations\2.2.3\jackson-annotations-2.2.3.jar;C:\Users\nbtrung\.m2\repository\com\fasterxml\jackson\core\jackson-core\2.2.3\jackson-core-2.2.3.jar;C:\Users\nbtrung\.m2\repository\org\mozilla\rhino\1.7R4\rhino-1.7R4.jar;C:\Users\nbtrung\.m2\repository\javax\mail\mailapi\1.4.3\mailapi-1.4.3.jar;C:\Users\nbtrung\.m2\repository\javax\activation\activation\1.1\activation-1.1.jar;C:\Users\nbtrung\.m2\repository\net\sf\jopt-simple\jopt-simple\4.6\jopt-simple-4.6.jar;C:\Users\nbtrung\.m2\repository\org\apache\jclouds\driver\jclouds-sshj\2.1.0\jclouds-sshj-2.1.0.jar;C:\Users\nbtrung\.m2\repository\org\apache\jclouds\jclouds-compute\2.1.0\jclouds-compute-2.1.0.jar;C:\Users\nbtrung\.m2\repository\org\apache\jclouds\jclouds-scriptbuilder\2.1.0\jclouds-scriptbuilder-2.1.0.jar;C:\Users\nbtrung\.m2\repository\org\apache\jclouds\jclouds-core\2.1.0\jclouds-core-2.1.0.jar;C:\Users\nbtrung\.m2\repository\javax\ws\rs\javax.ws.rs-api\2.0.1\javax.ws.rs-api-2.0.1.jar;C:\Users\nbtrung\.m2\repository\com\google\inject\extensions\guice-assistedinject\3.0\guice-assistedinject-3.0.jar;C:\Users\nbtrung\.m2\repository\com\google\inject\guice\3.0\guice-3.0.jar;C:\Users\nbtrung\.m2\repository\aopalliance\aopalliance\1.0\aopalliance-1.0.jar;C:\Users\nbtrung\.m2\repository\javax\inject\javax.inject\1\javax.inject-1.jar;C:\Users\nbtrung\.m2\repository\javax\annotation\jsr250-api\1.0\jsr250-api-1.0.jar;C:\Users\nbtrung\.m2\repository\org\apache\jclouds\driver\jclouds-slf4j\2.1.0\jclouds-slf4j-2.1.0.jar;C:\Users\nbtrung\.m2\repository\org\apache\jclouds\driver\jclouds-bouncycastle\2.1.0\jclouds-bouncycastle-2.1.0.jar;C:\Users\nbtrung\.m2\repository\org\bouncycastle\bcprov-ext-jdk15on\1.51\bcprov-ext-jdk15on-1.51.jar;C:\Users\nbtrung\.m2\repository\com\jcraft\jsch.agentproxy.sshj\0.0.9\jsch.agentproxy.sshj-0.0.9.jar;C:\Users\nbtrung\.m2\repository\com\jcraft\jsch.agentproxy.core\0.0.9\jsch.agentproxy.core-0.0.9.jar;C:\Users\nbtrung\.m2\repository\com\jcraft\jsch.agentproxy.connector-factory\0.0.9\jsch.agentproxy.connector-factory-0.0.9.jar;C:\Users\nbtrung\.m2\repository\com\jcraft\jsch.agentproxy.usocket-jna\0.0.9\jsch.agentproxy.usocket-jna-0.0.9.jar;C:\Users\nbtrung\.m2\repository\net\java\dev\jna\jna\4.1.0\jna-4.1.0.jar;C:\Users\nbtrung\.m2\repository\net\java\dev\jna\jna-platform\4.1.0\jna-platform-4.1.0.jar;C:\Users\nbtrung\.m2\repository\com\jcraft\jsch.agentproxy.usocket-nc\0.0.9\jsch.agentproxy.usocket-nc-0.0.9.jar;C:\Users\nbtrung\.m2\repository\com\jcraft\jsch.agentproxy.sshagent\0.0.9\jsch.agentproxy.sshagent-0.0.9.jar;C:\Users\nbtrung\.m2\repository\com\jcraft\jsch.agentproxy.pageant\0.0.9\jsch.agentproxy.pageant-0.0.9.jar;C:\Users\nbtrung\.m2\repository\com\google\errorprone\error_prone_annotations\2.1.0\error_prone_annotations-2.1.0.jar;C:\Users\nbtrung\.m2\repository\com\hierynomus\sshj\0.24.0\sshj-0.24.0.jar;C:\Users\nbtrung\.m2\repository\org\slf4j\slf4j-api\1.7.7\slf4j-api-1.7.7.jar;C:\Users\nbtrung\.m2\repository\org\bouncycastle\bcprov-jdk15on\1.57\bcprov-jdk15on-1.57.jar;C:\Users\nbtrung\.m2\repository\org\bouncycastle\bcpkix-jdk15on\1.57\bcpkix-jdk15on-1.57.jar;C:\Users\nbtrung\.m2\repository\com\jcraft\jzlib\1.1.3\jzlib-1.1.3.jar;C:\Users\nbtrung\.m2\repository\net\i2p\crypto\eddsa\0.2.0\eddsa-0.2.0.jar;C:\Users\nbtrung\.m2\repository\org\jsoup\jsoup\1.11.3\jsoup-1.11.3.jar;C:\Users\nbtrung\.m2\repository\io\github\bonigarcia\webdrivermanager\2.2.4\webdrivermanager-2.2.4.jar;C:\Users\nbtrung\.m2\repository\org\rauschig\jarchivelib\0.8.0\jarchivelib-0.8.0.jar;C:\Users\nbtrung\.m2\repository\org\apache\commons\commons-compress\1.14\commons-compress-1.14.jar;C:\Users\nbtrung\.m2\repository\info\cukes\cucumber-java\1.2.5\cucumber-java-1.2.5.jar;C:\Users\nbtrung\.m2\repository\info\cukes\cucumber-core\1.2.5\cucumber-core-1.2.5.jar;C:\Users\nbtrung\.m2\repository\info\cukes\cucumber-html\0.2.3\cucumber-html-0.2.3.jar;C:\Users\nbtrung\.m2\repository\info\cukes\cucumber-jvm-deps\1.0.5\cucumber-jvm-deps-1.0.5.jar;C:\Users\nbtrung\.m2\repository\info\cukes\gherkin\2.12.2\gherkin-2.12.2.jar;C:\Users\nbtrung\.m2\repository\info\cukes\cucumber-testng\1.2.5\cucumber-testng-1.2.5.jar;C:\Users\nbtrung\.m2\repository\com\jayway\restassured\rest-assured\2.9.0\rest-assured-2.9.0.jar;C:\Users\nbtrung\.m2\repository\com\jayway\restassured\json-path\2.9.0\json-path-2.9.0.jar;C:\Users\nbtrung\.m2\repository\com\jayway\restassured\rest-assured-common\2.9.0\rest-assured-common-2.9.0.jar;C:\Users\nbtrung\.m2\repository\com\jayway\restassured\xml-path\2.9.0\xml-path-2.9.0.jar;C:\Users\nbtrung\.m2\repository\org\apache\maven\surefire\surefire-testng-utils\2.21.0\surefire-testng-utils-2.21.0.jar;C:\Users\nbtrung\.m2\repository\org\apache\maven\surefire\surefire-grouper\2.21.0\surefire-grouper-2.21.0.jar;"/>
    <property name="remote" value=""/>
    <property name="java.vm.vendor" value="Oracle Corporation"/>
    <property name="sun.arch.data.model" value="64"/>
    <property name="user.variant" value=""/>
    <property name="java.vendor.url" value="http://java.oracle.com/"/>
    <property name="user.timezone" value=""/>
    <property name="browserVersion" value="68"/>
    <property name="os.name" value="Windows 10"/>
    <property name="java.vm.specification.version" value="1.8"/>
    <property name="sun.java.launcher" value="SUN_STANDARD"/>
    <property name="threadCnt" value="1"/>
    <property name="seleniumHub" value=""/>
    <property name="user.country" value="US"/>
    <property name="sun.boot.library.path" value="C:\Program Files\Java\jdk1.8.0_121\jre\bin"/>
    <property name="sun.java.command" value="C:\Users\nbtrung\AppData\Local\Temp\surefire5542943383533228368\surefirebooter3284710314054256143.jar C:\Users\nbtrung\AppData\Local\Temp\surefire5542943383533228368 2018-08-15T18-03-41_970-jvmRun1 surefire7780798707220212612tmp surefire_08076585551667130240tmp"/>
    <property name="surefire.test.class.path" value="D:\Works\solvers_au\auto_new\target\test-classes;D:\Works\solvers_au\auto_new\target\auto_new-0.0.1-SNAPSHOT.jar;C:\Users\nbtrung\.m2\repository\org\seleniumhq\selenium\selenium-java\3.11.0\selenium-java-3.11.0.jar;C:\Users\nbtrung\.m2\repository\org\seleniumhq\selenium\selenium-api\3.11.0\selenium-api-3.11.0.jar;C:\Users\nbtrung\.m2\repository\org\seleniumhq\selenium\selenium-chrome-driver\3.11.0\selenium-chrome-driver-3.11.0.jar;C:\Users\nbtrung\.m2\repository\org\seleniumhq\selenium\selenium-edge-driver\3.11.0\selenium-edge-driver-3.11.0.jar;C:\Users\nbtrung\.m2\repository\org\seleniumhq\selenium\selenium-firefox-driver\3.11.0\selenium-firefox-driver-3.11.0.jar;C:\Users\nbtrung\.m2\repository\org\seleniumhq\selenium\selenium-ie-driver\3.11.0\selenium-ie-driver-3.11.0.jar;C:\Users\nbtrung\.m2\repository\org\seleniumhq\selenium\selenium-opera-driver\3.11.0\selenium-opera-driver-3.11.0.jar;C:\Users\nbtrung\.m2\repository\org\seleniumhq\selenium\selenium-remote-driver\3.11.0\selenium-remote-driver-3.11.0.jar;C:\Users\nbtrung\.m2\repository\org\seleniumhq\selenium\selenium-safari-driver\3.11.0\selenium-safari-driver-3.11.0.jar;C:\Users\nbtrung\.m2\repository\org\seleniumhq\selenium\selenium-support\3.11.0\selenium-support-3.11.0.jar;C:\Users\nbtrung\.m2\repository\net\bytebuddy\byte-buddy\1.7.9\byte-buddy-1.7.9.jar;C:\Users\nbtrung\.m2\repository\org\apache\commons\commons-exec\1.3\commons-exec-1.3.jar;C:\Users\nbtrung\.m2\repository\commons-codec\commons-codec\1.10\commons-codec-1.10.jar;C:\Users\nbtrung\.m2\repository\commons-logging\commons-logging\1.2\commons-logging-1.2.jar;C:\Users\nbtrung\.m2\repository\com\google\code\gson\gson\2.8.2\gson-2.8.2.jar;C:\Users\nbtrung\.m2\repository\com\google\guava\guava\23.6-jre\guava-23.6-jre.jar;C:\Users\nbtrung\.m2\repository\com\google\code\findbugs\jsr305\1.3.9\jsr305-1.3.9.jar;C:\Users\nbtrung\.m2\repository\org\checkerframework\checker-compat-qual\2.0.0\checker-compat-qual-2.0.0.jar;C:\Users\nbtrung\.m2\repository\com\google\j2objc\j2objc-annotations\1.1\j2objc-annotations-1.1.jar;C:\Users\nbtrung\.m2\repository\org\codehaus\mojo\animal-sniffer-annotations\1.14\animal-sniffer-annotations-1.14.jar;C:\Users\nbtrung\.m2\repository\org\apache\httpcomponents\httpclient\4.5.3\httpclient-4.5.3.jar;C:\Users\nbtrung\.m2\repository\org\apache\httpcomponents\httpcore\4.4.6\httpcore-4.4.6.jar;C:\Users\nbtrung\.m2\repository\com\squareup\okhttp3\okhttp\3.9.1\okhttp-3.9.1.jar;C:\Users\nbtrung\.m2\repository\com\squareup\okio\okio\1.13.0\okio-1.13.0.jar;C:\Users\nbtrung\.m2\repository\org\testng\testng\6.14.2\testng-6.14.2.jar;C:\Users\nbtrung\.m2\repository\com\beust\jcommander\1.72\jcommander-1.72.jar;C:\Users\nbtrung\.m2\repository\org\apache-extras\beanshell\bsh\2.0b6\bsh-2.0b6.jar;C:\Users\nbtrung\.m2\repository\log4j\log4j\1.2.17\log4j-1.2.17.jar;C:\Users\nbtrung\.m2\repository\org\apache\logging\log4j\log4j-api\2.11.0\log4j-api-2.11.0.jar;C:\Users\nbtrung\.m2\repository\org\apache\logging\log4j\log4j-core\2.11.0\log4j-core-2.11.0.jar;C:\Users\nbtrung\.m2\repository\io\appium\java-client\5.0.4\java-client-5.0.4.jar;C:\Users\nbtrung\.m2\repository\cglib\cglib\3.2.5\cglib-3.2.5.jar;C:\Users\nbtrung\.m2\repository\org\ow2\asm\asm\5.2\asm-5.2.jar;C:\Users\nbtrung\.m2\repository\org\apache\ant\ant\1.9.6\ant-1.9.6.jar;C:\Users\nbtrung\.m2\repository\org\apache\ant\ant-launcher\1.9.6\ant-launcher-1.9.6.jar;C:\Users\nbtrung\.m2\repository\commons-validator\commons-validator\1.6\commons-validator-1.6.jar;C:\Users\nbtrung\.m2\repository\commons-beanutils\commons-beanutils\1.9.2\commons-beanutils-1.9.2.jar;C:\Users\nbtrung\.m2\repository\commons-digester\commons-digester\1.8.1\commons-digester-1.8.1.jar;C:\Users\nbtrung\.m2\repository\commons-collections\commons-collections\3.2.2\commons-collections-3.2.2.jar;C:\Users\nbtrung\.m2\repository\org\apache\commons\commons-lang3\3.6\commons-lang3-3.6.jar;C:\Users\nbtrung\.m2\repository\commons-io\commons-io\2.5\commons-io-2.5.jar;C:\Users\nbtrung\.m2\repository\org\springframework\spring-context\5.0.0.RELEASE\spring-context-5.0.0.RELEASE.jar;C:\Users\nbtrung\.m2\repository\org\springframework\spring-aop\5.0.0.RELEASE\spring-aop-5.0.0.RELEASE.jar;C:\Users\nbtrung\.m2\repository\org\springframework\spring-beans\5.0.0.RELEASE\spring-beans-5.0.0.RELEASE.jar;C:\Users\nbtrung\.m2\repository\org\springframework\spring-core\5.0.0.RELEASE\spring-core-5.0.0.RELEASE.jar;C:\Users\nbtrung\.m2\repository\org\springframework\spring-jcl\5.0.0.RELEASE\spring-jcl-5.0.0.RELEASE.jar;C:\Users\nbtrung\.m2\repository\org\springframework\spring-expression\5.0.0.RELEASE\spring-expression-5.0.0.RELEASE.jar;C:\Users\nbtrung\.m2\repository\org\aspectj\aspectjweaver\1.8.11\aspectjweaver-1.8.11.jar;C:\Users\nbtrung\.m2\repository\org\openpnp\opencv\3.2.0-1\opencv-3.2.0-1.jar;C:\Users\nbtrung\.m2\repository\net\sourceforge\jexcelapi\jxl\2.6.12\jxl-2.6.12.jar;C:\Users\nbtrung\.m2\repository\org\apache\poi\poi\3.17\poi-3.17.jar;C:\Users\nbtrung\.m2\repository\org\apache\commons\commons-collections4\4.1\commons-collections4-4.1.jar;C:\Users\nbtrung\.m2\repository\org\json\json\20180130\json-20180130.jar;C:\Users\nbtrung\.m2\repository\com\automation-remarks\video-recorder-testng\1.8\video-recorder-testng-1.8.jar;C:\Users\nbtrung\.m2\repository\com\automation-remarks\video-recorder-core\1.8\video-recorder-core-1.8.jar;C:\Users\nbtrung\.m2\repository\org\zeroturnaround\zt-exec\1.9\zt-exec-1.9.jar;C:\Users\nbtrung\.m2\repository\org\aeonbits\owner\owner-java8\1.0.9\owner-java8-1.0.9.jar;C:\Users\nbtrung\.m2\repository\org\aeonbits\owner\owner\1.0.9\owner-1.0.9.jar;C:\Users\nbtrung\.m2\repository\org\awaitility\awaitility\2.0.0\awaitility-2.0.0.jar;C:\Users\nbtrung\.m2\repository\cglib\cglib-nodep\3.1\cglib-nodep-3.1.jar;C:\Users\nbtrung\.m2\repository\org\objenesis\objenesis\2.1\objenesis-2.1.jar;C:\Users\nbtrung\.m2\repository\io\rest-assured\rest-assured\3.1.0\rest-assured-3.1.0.jar;C:\Users\nbtrung\.m2\repository\org\codehaus\groovy\groovy\2.4.12\groovy-2.4.12.jar;C:\Users\nbtrung\.m2\repository\org\codehaus\groovy\groovy-xml\2.4.12\groovy-xml-2.4.12.jar;C:\Users\nbtrung\.m2\repository\org\apache\httpcomponents\httpmime\4.5.1\httpmime-4.5.1.jar;C:\Users\nbtrung\.m2\repository\org\hamcrest\hamcrest-core\1.3\hamcrest-core-1.3.jar;C:\Users\nbtrung\.m2\repository\org\hamcrest\hamcrest-library\1.3\hamcrest-library-1.3.jar;C:\Users\nbtrung\.m2\repository\org\ccil\cowan\tagsoup\tagsoup\1.2.1\tagsoup-1.2.1.jar;C:\Users\nbtrung\.m2\repository\io\rest-assured\xml-path\3.1.0\xml-path-3.1.0.jar;C:\Users\nbtrung\.m2\repository\javax\xml\bind\jaxb-api\2.2.12\jaxb-api-2.2.12.jar;C:\Users\nbtrung\.m2\repository\io\rest-assured\json-path\3.1.0\json-path-3.1.0.jar;C:\Users\nbtrung\.m2\repository\org\codehaus\groovy\groovy-json\2.4.12\groovy-json-2.4.12.jar;C:\Users\nbtrung\.m2\repository\io\rest-assured\rest-assured-common\3.1.0\rest-assured-common-3.1.0.jar;C:\Users\nbtrung\.m2\repository\io\rest-assured\json-schema-validator\3.1.0\json-schema-validator-3.1.0.jar;C:\Users\nbtrung\.m2\repository\com\github\fge\json-schema-validator\2.2.6\json-schema-validator-2.2.6.jar;C:\Users\nbtrung\.m2\repository\joda-time\joda-time\2.3\joda-time-2.3.jar;C:\Users\nbtrung\.m2\repository\com\googlecode\libphonenumber\libphonenumber\6.2\libphonenumber-6.2.jar;C:\Users\nbtrung\.m2\repository\com\github\fge\json-schema-core\1.2.5\json-schema-core-1.2.5.jar;C:\Users\nbtrung\.m2\repository\com\github\fge\uri-template\0.9\uri-template-0.9.jar;C:\Users\nbtrung\.m2\repository\com\github\fge\msg-simple\1.1\msg-simple-1.1.jar;C:\Users\nbtrung\.m2\repository\com\github\fge\btf\1.2\btf-1.2.jar;C:\Users\nbtrung\.m2\repository\com\github\fge\jackson-coreutils\1.8\jackson-coreutils-1.8.jar;C:\Users\nbtrung\.m2\repository\com\fasterxml\jackson\core\jackson-databind\2.2.3\jackson-databind-2.2.3.jar;C:\Users\nbtrung\.m2\repository\com\fasterxml\jackson\core\jackson-annotations\2.2.3\jackson-annotations-2.2.3.jar;C:\Users\nbtrung\.m2\repository\com\fasterxml\jackson\core\jackson-core\2.2.3\jackson-core-2.2.3.jar;C:\Users\nbtrung\.m2\repository\org\mozilla\rhino\1.7R4\rhino-1.7R4.jar;C:\Users\nbtrung\.m2\repository\javax\mail\mailapi\1.4.3\mailapi-1.4.3.jar;C:\Users\nbtrung\.m2\repository\javax\activation\activation\1.1\activation-1.1.jar;C:\Users\nbtrung\.m2\repository\net\sf\jopt-simple\jopt-simple\4.6\jopt-simple-4.6.jar;C:\Users\nbtrung\.m2\repository\org\apache\jclouds\driver\jclouds-sshj\2.1.0\jclouds-sshj-2.1.0.jar;C:\Users\nbtrung\.m2\repository\org\apache\jclouds\jclouds-compute\2.1.0\jclouds-compute-2.1.0.jar;C:\Users\nbtrung\.m2\repository\org\apache\jclouds\jclouds-scriptbuilder\2.1.0\jclouds-scriptbuilder-2.1.0.jar;C:\Users\nbtrung\.m2\repository\org\apache\jclouds\jclouds-core\2.1.0\jclouds-core-2.1.0.jar;C:\Users\nbtrung\.m2\repository\javax\ws\rs\javax.ws.rs-api\2.0.1\javax.ws.rs-api-2.0.1.jar;C:\Users\nbtrung\.m2\repository\com\google\inject\extensions\guice-assistedinject\3.0\guice-assistedinject-3.0.jar;C:\Users\nbtrung\.m2\repository\com\google\inject\guice\3.0\guice-3.0.jar;C:\Users\nbtrung\.m2\repository\aopalliance\aopalliance\1.0\aopalliance-1.0.jar;C:\Users\nbtrung\.m2\repository\javax\inject\javax.inject\1\javax.inject-1.jar;C:\Users\nbtrung\.m2\repository\javax\annotation\jsr250-api\1.0\jsr250-api-1.0.jar;C:\Users\nbtrung\.m2\repository\org\apache\jclouds\driver\jclouds-slf4j\2.1.0\jclouds-slf4j-2.1.0.jar;C:\Users\nbtrung\.m2\repository\org\apache\jclouds\driver\jclouds-bouncycastle\2.1.0\jclouds-bouncycastle-2.1.0.jar;C:\Users\nbtrung\.m2\repository\org\bouncycastle\bcprov-ext-jdk15on\1.51\bcprov-ext-jdk15on-1.51.jar;C:\Users\nbtrung\.m2\repository\com\jcraft\jsch.agentproxy.sshj\0.0.9\jsch.agentproxy.sshj-0.0.9.jar;C:\Users\nbtrung\.m2\repository\com\jcraft\jsch.agentproxy.core\0.0.9\jsch.agentproxy.core-0.0.9.jar;C:\Users\nbtrung\.m2\repository\com\jcraft\jsch.agentproxy.connector-factory\0.0.9\jsch.agentproxy.connector-factory-0.0.9.jar;C:\Users\nbtrung\.m2\repository\com\jcraft\jsch.agentproxy.usocket-jna\0.0.9\jsch.agentproxy.usocket-jna-0.0.9.jar;C:\Users\nbtrung\.m2\repository\net\java\dev\jna\jna\4.1.0\jna-4.1.0.jar;C:\Users\nbtrung\.m2\repository\net\java\dev\jna\jna-platform\4.1.0\jna-platform-4.1.0.jar;C:\Users\nbtrung\.m2\repository\com\jcraft\jsch.agentproxy.usocket-nc\0.0.9\jsch.agentproxy.usocket-nc-0.0.9.jar;C:\Users\nbtrung\.m2\repository\com\jcraft\jsch.agentproxy.sshagent\0.0.9\jsch.agentproxy.sshagent-0.0.9.jar;C:\Users\nbtrung\.m2\repository\com\jcraft\jsch.agentproxy.pageant\0.0.9\jsch.agentproxy.pageant-0.0.9.jar;C:\Users\nbtrung\.m2\repository\com\google\errorprone\error_prone_annotations\2.1.0\error_prone_annotations-2.1.0.jar;C:\Users\nbtrung\.m2\repository\com\hierynomus\sshj\0.24.0\sshj-0.24.0.jar;C:\Users\nbtrung\.m2\repository\org\slf4j\slf4j-api\1.7.7\slf4j-api-1.7.7.jar;C:\Users\nbtrung\.m2\repository\org\bouncycastle\bcprov-jdk15on\1.57\bcprov-jdk15on-1.57.jar;C:\Users\nbtrung\.m2\repository\org\bouncycastle\bcpkix-jdk15on\1.57\bcpkix-jdk15on-1.57.jar;C:\Users\nbtrung\.m2\repository\com\jcraft\jzlib\1.1.3\jzlib-1.1.3.jar;C:\Users\nbtrung\.m2\repository\net\i2p\crypto\eddsa\0.2.0\eddsa-0.2.0.jar;C:\Users\nbtrung\.m2\repository\org\jsoup\jsoup\1.11.3\jsoup-1.11.3.jar;C:\Users\nbtrung\.m2\repository\io\github\bonigarcia\webdrivermanager\2.2.4\webdrivermanager-2.2.4.jar;C:\Users\nbtrung\.m2\repository\org\rauschig\jarchivelib\0.8.0\jarchivelib-0.8.0.jar;C:\Users\nbtrung\.m2\repository\org\apache\commons\commons-compress\1.14\commons-compress-1.14.jar;C:\Users\nbtrung\.m2\repository\info\cukes\cucumber-java\1.2.5\cucumber-java-1.2.5.jar;C:\Users\nbtrung\.m2\repository\info\cukes\cucumber-core\1.2.5\cucumber-core-1.2.5.jar;C:\Users\nbtrung\.m2\repository\info\cukes\cucumber-html\0.2.3\cucumber-html-0.2.3.jar;C:\Users\nbtrung\.m2\repository\info\cukes\cucumber-jvm-deps\1.0.5\cucumber-jvm-deps-1.0.5.jar;C:\Users\nbtrung\.m2\repository\info\cukes\gherkin\2.12.2\gherkin-2.12.2.jar;C:\Users\nbtrung\.m2\repository\info\cukes\cucumber-testng\1.2.5\cucumber-testng-1.2.5.jar;C:\Users\nbtrung\.m2\repository\com\jayway\restassured\rest-assured\2.9.0\rest-assured-2.9.0.jar;C:\Users\nbtrung\.m2\repository\com\jayway\restassured\json-path\2.9.0\json-path-2.9.0.jar;C:\Users\nbtrung\.m2\repository\com\jayway\restassured\rest-assured-common\2.9.0\rest-assured-common-2.9.0.jar;C:\Users\nbtrung\.m2\repository\com\jayway\restassured\xml-path\2.9.0\xml-path-2.9.0.jar;C:\Users\nbtrung\.m2\repository\org\apache\maven\surefire\surefire-testng-utils\2.21.0\surefire-testng-utils-2.21.0.jar;C:\Users\nbtrung\.m2\repository\org\apache\maven\surefire\surefire-grouper\2.21.0\surefire-grouper-2.21.0.jar;"/>
    <property name="sun.cpu.endian" value="little"/>
    <property name="user.home" value="C:\Users\nbtrung"/>
    <property name="user.language" value="en"/>
    <property name="java.specification.vendor" value="Oracle Corporation"/>
    <property name="version" value="0.0.1-SNAPSHOT"/>
    <property name="java.home" value="C:\Program Files\Java\jdk1.8.0_121\jre"/>
    <property name="file.separator" value="\"/>
    <property name="basedir" value="D:\Works\solvers_au\auto_new"/>
    <property name="line.separator" value="&#10;"/>
    <property name="java.vm.specification.vendor" value="Oracle Corporation"/>
    <property name="java.specification.name" value="Java Platform API Specification"/>
    <property name="java.awt.graphicsenv" value="sun.awt.Win32GraphicsEnvironment"/>
    <property name="surefire.real.class.path" value="C:\Users\nbtrung\AppData\Local\Temp\surefire5542943383533228368\surefirebooter3284710314054256143.jar"/>
    <property name="sun.boot.class.path" value="C:\Program Files\Java\jdk1.8.0_121\jre\lib\resources.jar;C:\Program Files\Java\jdk1.8.0_121\jre\lib\rt.jar;C:\Program Files\Java\jdk1.8.0_121\jre\lib\sunrsasign.jar;C:\Program Files\Java\jdk1.8.0_121\jre\lib\jsse.jar;C:\Program Files\Java\jdk1.8.0_121\jre\lib\jce.jar;C:\Program Files\Java\jdk1.8.0_121\jre\lib\charsets.jar;C:\Program Files\Java\jdk1.8.0_121\jre\lib\jfr.jar;C:\Program Files\Java\jdk1.8.0_121\jre\classes"/>
    <property name="user.script" value=""/>
    <property name="sun.management.compiler" value="HotSpot 64-Bit Tiered Compilers"/>
    <property name="java.runtime.version" value="1.8.0_121-b13"/>
    <property name="user.name" value="nbtrung"/>
    <property name="reportDir" value="D:\Works\solvers_au\auto_new/report/SOLVERS/chrome_2018_08_15-1103"/>
    <property name="path.separator" value=";"/>
    <property name="os.version" value="10.0"/>
    <property name="java.endorsed.dirs" value="C:\Program Files\Java\jdk1.8.0_121\jre\lib\endorsed"/>
    <property name="java.runtime.name" value="Java(TM) SE Runtime Environment"/>
    <property name="file.encoding" value="Cp1252"/>
    <property name="browser" value="chrome"/>
    <property name="java.vm.name" value="Java HotSpot(TM) 64-Bit Server VM"/>
    <property name="dataFile" value=""/>
    <property name="localRepository" value="C:\Users\nbtrung\.m2\repository"/>
    <property name="java.vendor.url.bug" value="http://bugreport.sun.com/bugreport/"/>
    <property name="java.io.tmpdir" value="C:\Users\nbtrung\AppData\Local\Temp\"/>
    <property name="desiredBrowserVersion" value="68"/>
    <property name="java.version" value="1.8.0_121"/>
    <property name="user.dir" value="D:\Works\solvers_au\auto_new"/>
    <property name="os.arch" value="amd64"/>
    <property name="webdriver.gecko.driver" value="D:\Works\solvers_au\auto_new/selenium_driver/geckodriver.exe"/>
    <property name="threads" value="1"/>
    <property name="java.vm.specification.name" value="Java Virtual Machine Specification"/>
    <property name="java.awt.printerjob" value="sun.awt.windows.WPrinterJob"/>
    <property name="sun.os.patch.level" value=""/>
    <property name="java.library.path" value="C:\Program Files\Java\jdk1.8.0_121\jre\bin;C:\windows\Sun\Java\bin;C:\windows\system32;C:\windows;C:\Program Files (x86)\Common Files\Oracle\Java\javapath;C:\ProgramData\Oracle\Java\javapath;C:\windows\system32;C:\windows;C:\windows\System32\Wbem;C:\windows\System32\WindowsPowerShell\v1.0\;C:\Program Files\Java\jdk1.8.0_121\bin;D:\apache-maven-3.5.4\bin;C:\FFmpeg\bin;C:\Program Files\Git\cmd;C:\Users\nbtrung\AppData\Local\Microsoft\WindowsApps;C:\FFmpeg\bin;C:\Users\nbtrung\AppData\Local\GitHubDesktop\bin;."/>
    <property name="suite" value="SOLVERS"/>
    <property name="java.vendor" value="Oracle Corporation"/>
    <property name="java.vm.info" value="mixed mode"/>
    <property name="java.vm.version" value="25.121-b13"/>
    <property name="APISheet" value=""/>
    <property name="sun.io.unicode.encoding" value="UnicodeLittle"/>
    <property name="java.ext.dirs" value="C:\Program Files\Java\jdk1.8.0_121\jre\lib\ext;C:\windows\Sun\Java\lib\ext"/>
    <property name="video.folder" value="D:\Works\solvers_au\auto_new/report/SOLVERS/chrome_2018_08_15-1103/video"/>
    <property name="java.class.version" value="52.0"/>
    <property name="dataSheet" value=""/>
  </properties>
  <testcase name="TC_Insurance" classname="solvers.co.au.TC_SmartInvestmentPage" time="188.698"/>
</testsuite>