<?xml version="1.0" encoding="UTF-8"?>
<!-- Generated by org.testng.reporters.JUnitReportReporter -->
<testsuite skipped="0" hostname="nbtrung" name="solvers.co.au.TC_SmartInvestmentPage" tests="1" failures="0" timestamp="15 Aug 2018 11:06:54 GMT" time="188.904" errors="0">
  <testcase name="TC_Insurance" time="188.904" classname="solvers.co.au.TC_SmartInvestmentPage"/>
</testsuite> <!-- solvers.co.au.TC_SmartInvestmentPage -->
